Tue, 19 Jan 2016 17:35:48 methodChen.py[line:60] ERROR 25,instagram.com: [Errno 104] Connection reset by peer
Tue, 19 Jan 2016 17:35:48 methodChen.py[line:60] ERROR 27,mail.ru: [Errno 104] Connection reset by peer
Tue, 19 Jan 2016 17:35:48 methodChen.py[line:60] ERROR 30,pinterest.com: [Errno 104] Connection reset by peer
Tue, 19 Jan 2016 17:35:48 methodChen.py[line:60] ERROR 46,blogspot.com: [Errno 104] Connection reset by peer
Tue, 19 Jan 2016 17:35:49 methodChen.py[line:60] ERROR 56,fc2.com: [Errno 104] Connection reset by peer
Tue, 19 Jan 2016 17:35:49 methodChen.py[line:60] ERROR 59,google.com.mx: [Errno 104] Connection reset by peer
Tue, 19 Jan 2016 17:35:49 methodChen.py[line:60] ERROR 68,pornhub.com: [Errno 104] Connection reset by peer
Tue, 19 Jan 2016 17:35:49 methodChen.py[line:60] ERROR 70,naver.com: [Errno 104] Connection reset by peer
Tue, 19 Jan 2016 17:35:49 methodChen.py[line:60] ERROR 71,go.com: [Errno 104] Connection reset by peer
Tue, 19 Jan 2016 17:35:49 methodChen.py[line:60] ERROR 82,pixnet.net: [Errno 104] Connection reset by peer
Tue, 19 Jan 2016 17:35:49 methodChen.py[line:60] ERROR 84,xhamster.com: [Errno 104] Connection reset by peer
Tue, 19 Jan 2016 17:35:49 methodChen.py[line:60] ERROR 85,github.com: [Errno 104] Connection reset by peer
Tue, 19 Jan 2016 17:35:49 methodChen.py[line:60] ERROR 86,google.pl: [Errno 104] Connection reset by peer
Tue, 19 Jan 2016 17:35:49 methodChen.py[line:60] ERROR 88,wikia.com: [Errno 104] Connection reset by peer
Tue, 19 Jan 2016 17:35:49 methodChen.py[line:60] ERROR 90,cnn.com: [Errno 104] Connection reset by peer
Tue, 19 Jan 2016 17:35:49 methodChen.py[line:60] ERROR 92,flipkart.com: [Errno 104] Connection reset by peer
Tue, 19 Jan 2016 17:35:49 methodChen.py[line:60] ERROR 94,adnetworkperformance.com: [Errno 104] Connection reset by peer
Tue, 19 Jan 2016 17:35:49 methodChen.py[line:60] ERROR 98,jd.com: [Errno 104] Connection reset by peer
Tue, 19 Jan 2016 17:35:49 methodChen.py[line:60] ERROR 99,china.com: [Errno 104] Connection reset by peer
Tue, 19 Jan 2016 17:35:49 methodChen.py[line:60] ERROR 101,google.co.kr: [Errno 104] Connection reset by peer
Tue, 19 Jan 2016 17:35:49 methodChen.py[line:60] ERROR 103,dmm.co.jp: [Errno 104] Connection reset by peer
Tue, 19 Jan 2016 17:35:49 methodChen.py[line:60] ERROR 109,livedoor.jp: [Errno 104] Connection reset by peer
Tue, 19 Jan 2016 17:35:49 methodChen.py[line:60] ERROR 113,booking.com: [Errno 104] Connection reset by peer
Tue, 19 Jan 2016 17:35:49 methodChen.py[line:60] ERROR 116,youku.com: [Errno 104] Connection reset by peer
Tue, 19 Jan 2016 17:35:49 methodChen.py[line:60] ERROR 117,bbc.com: [Errno 104] Connection reset by peer
Tue, 19 Jan 2016 17:35:49 methodChen.py[line:60] ERROR 118,google.co.th: [Errno 104] Connection reset by peer
Tue, 19 Jan 2016 17:35:49 methodChen.py[line:60] ERROR 121,163.com: [Errno 104] Connection reset by peer
Tue, 19 Jan 2016 17:35:49 methodChen.py[line:60] ERROR 122,google.com.tw: [Errno 104] Connection reset by peer
Tue, 19 Jan 2016 17:35:49 methodChen.py[line:60] ERROR 140,ettoday.net: [Errno 104] Connection reset by peer
Tue, 19 Jan 2016 17:35:49 methodChen.py[line:60] ERROR 148,uol.com.br: [Errno 104] Connection reset by peer
Tue, 19 Jan 2016 17:35:50 methodChen.py[line:60] ERROR 187,bp.blogspot.com: [Errno 104] Connection reset by peer
Tue, 19 Jan 2016 17:35:50 methodChen.py[line:60] ERROR 204,leboncoin.fr: [Errno 104] Connection reset by peer
Tue, 19 Jan 2016 17:35:50 methodChen.py[line:60] ERROR 280,files.wordpress.com: [Errno 104] Connection reset by peer
Tue, 19 Jan 2016 17:35:50 methodChen.py[line:60] ERROR 283,pandora.com: [Errno 104] Connection reset by peer
Tue, 19 Jan 2016 17:35:50 methodChen.py[line:60] ERROR 296,google.com.pe: [Errno 104] Connection reset by peer
Tue, 19 Jan 2016 17:35:50 methodChen.py[line:60] ERROR 299,mama.cn: [Errno 104] Connection reset by peer
Tue, 19 Jan 2016 17:35:50 methodChen.py[line:60] ERROR 300,livejasmin.com: [Errno 104] Connection reset by peer
Tue, 19 Jan 2016 17:35:50 methodChen.py[line:60] ERROR 302,ebay-kleinanzeigen.de: [Errno 104] Connection reset by peer
Tue, 19 Jan 2016 17:35:50 methodChen.py[line:60] ERROR 305,upornia.com: [Errno 104] Connection reset by peer
Tue, 19 Jan 2016 17:35:50 methodChen.py[line:60] ERROR 424,eyny.com: [Errno 104] Connection reset by peer
Tue, 19 Jan 2016 17:35:50 methodChen.py[line:60] ERROR 433,all2lnk.com: [Errno 104] Connection reset by peer
Tue, 19 Jan 2016 17:35:50 methodChen.py[line:60] ERROR 435,elpais.com: [Errno 104] Connection reset by peer
Tue, 19 Jan 2016 17:35:50 methodChen.py[line:60] ERROR 436,hm.com: [Errno 104] Connection reset by peer
Tue, 19 Jan 2016 17:35:50 methodChen.py[line:60] ERROR 444,nba.com: [Errno 104] Connection reset by peer
Tue, 19 Jan 2016 17:35:50 methodChen.py[line:60] ERROR 449,gamefaqs.com: [Errno 104] Connection reset by peer
Tue, 19 Jan 2016 17:35:50 methodChen.py[line:60] ERROR 451,souq.com: [Errno 104] Connection reset by peer
Tue, 19 Jan 2016 17:35:50 methodChen.py[line:60] ERROR 455,costco.com: [Errno 104] Connection reset by peer
Tue, 19 Jan 2016 17:35:50 methodChen.py[line:60] ERROR 458,adcash.com: [Errno 104] Connection reset by peer
Tue, 19 Jan 2016 17:35:50 methodChen.py[line:60] ERROR 465,naukri.com: [Errno 104] Connection reset by peer
Tue, 19 Jan 2016 17:35:50 methodChen.py[line:60] ERROR 468,haber7.com: [Errno 104] Connection reset by peer
Tue, 19 Jan 2016 17:35:50 methodChen.py[line:60] ERROR 469,japanpost.jp: [Errno 104] Connection reset by peer
Tue, 19 Jan 2016 17:35:50 methodChen.py[line:60] ERROR 471,expedia.com: [Errno 104] Connection reset by peer
Tue, 19 Jan 2016 17:35:50 methodChen.py[line:60] ERROR 472,blogimg.jp: [Errno 104] Connection reset by peer
Tue, 19 Jan 2016 17:35:50 methodChen.py[line:60] ERROR 473,asos.com: [Errno 104] Connection reset by peer
Tue, 19 Jan 2016 17:35:50 methodChen.py[line:60] ERROR 474,list-manage.com: [Errno 104] Connection reset by peer
Tue, 19 Jan 2016 17:35:50 methodChen.py[line:60] ERROR 484,shopify.com: [Errno 104] Connection reset by peer
Tue, 19 Jan 2016 17:35:51 methodChen.py[line:60] ERROR 502,exoclick.com: [Errno 104] Connection reset by peer
Tue, 19 Jan 2016 17:35:51 methodChen.py[line:60] ERROR 505,rbc.ru: [Errno 104] Connection reset by peer
Tue, 19 Jan 2016 17:35:51 methodChen.py[line:60] ERROR 508,olx.pl: [Errno 104] Connection reset by peer
Tue, 19 Jan 2016 17:35:51 methodChen.py[line:60] ERROR 512,liveinternet.ru: [Errno 104] Connection reset by peer
Tue, 19 Jan 2016 17:35:51 methodChen.py[line:60] ERROR 522,streamcloud.eu: [Errno 104] Connection reset by peer
Tue, 19 Jan 2016 17:35:51 methodChen.py[line:60] ERROR 650,ero-video.net: [Errno 104] Connection reset by peer
Tue, 19 Jan 2016 17:35:51 methodChen.py[line:60] ERROR 719,blogspot.com.eg: [Errno 104] Connection reset by peer
Tue, 19 Jan 2016 17:35:51 methodChen.py[line:60] ERROR 720,rollingstone.com: [Errno 104] Connection reset by peer
Tue, 19 Jan 2016 17:35:51 methodChen.py[line:60] ERROR 737,elfagr.org: [Errno 104] Connection reset by peer
Tue, 19 Jan 2016 17:35:51 methodChen.py[line:60] ERROR 738,ticketmaster.com: [Errno 104] Connection reset by peer
Tue, 19 Jan 2016 17:35:51 methodChen.py[line:60] ERROR 739,bodybuilding.com: [Errno 104] Connection reset by peer
Tue, 19 Jan 2016 17:35:51 methodChen.py[line:60] ERROR 833,appledaily.com.tw: [Errno 104] Connection reset by peer
Tue, 19 Jan 2016 17:35:51 methodChen.py[line:60] ERROR 846,victoriassecret.com: [Errno 104] Connection reset by peer
Tue, 19 Jan 2016 17:35:51 methodChen.py[line:60] ERROR 847,bt.com: [Errno 104] Connection reset by peer
Tue, 19 Jan 2016 17:35:51 methodChen.py[line:60] ERROR 871,anitube.se: [Errno 104] Connection reset by peer
Tue, 19 Jan 2016 17:35:51 methodChen.py[line:60] ERROR 880,priceline.com: [Errno 104] Connection reset by peer
Tue, 19 Jan 2016 17:35:51 methodChen.py[line:60] ERROR 882,aweber.com: [Errno 104] Connection reset by peer
Tue, 19 Jan 2016 17:35:51 methodChen.py[line:60] ERROR 886,tutorialspoint.com: [Errno 104] Connection reset by peer
Tue, 19 Jan 2016 17:35:51 methodChen.py[line:60] ERROR 888,pchome.com.tw: [Errno 104] Connection reset by peer
Tue, 19 Jan 2016 17:35:51 methodChen.py[line:60] ERROR 893,quanjing.com: [Errno 104] Connection reset by peer
Tue, 19 Jan 2016 17:35:51 methodChen.py[line:60] ERROR 896,sephora.com: [Errno 104] Connection reset by peer
Tue, 19 Jan 2016 17:35:51 methodChen.py[line:60] ERROR 911,mackolik.com: [Errno 104] Connection reset by peer
Tue, 19 Jan 2016 17:35:52 methodChen.py[line:60] ERROR 912,123rf.com: [Errno 104] Connection reset by peer
Tue, 19 Jan 2016 17:35:52 methodChen.py[line:60] ERROR 916,researchgate.net: [Errno 104] Connection reset by peer
Tue, 19 Jan 2016 17:35:52 methodChen.py[line:60] ERROR 917,hotstar.com: [Errno 104] Connection reset by peer
Tue, 19 Jan 2016 17:35:52 methodChen.py[line:60] ERROR 918,bs.to: [Errno 104] Connection reset by peer
Tue, 19 Jan 2016 17:35:52 methodChen.py[line:60] ERROR 921,ampclicks.com: [Errno 104] Connection reset by peer
Tue, 19 Jan 2016 17:35:52 methodChen.py[line:60] ERROR 979,hilton.com: [Errno 104] Connection reset by peer
Tue, 19 Jan 2016 17:35:52 methodChen.py[line:60] ERROR 1139,hamariweb.com: [Errno 104] Connection reset by peer
Tue, 19 Jan 2016 17:35:52 methodChen.py[line:60] ERROR 1140,fool.com: [Errno 104] Connection reset by peer
Tue, 19 Jan 2016 17:35:52 methodChen.py[line:60] ERROR 1147,monster.com: [Errno 104] Connection reset by peer
Tue, 19 Jan 2016 17:35:52 methodChen.py[line:60] ERROR 1148,rakuten-card.co.jp: [Errno 104] Connection reset by peer
Tue, 19 Jan 2016 17:35:52 methodChen.py[line:60] ERROR 1149,caixa.gov.br: [Errno 104] Connection reset by peer
Tue, 19 Jan 2016 17:35:52 methodChen.py[line:60] ERROR 1150,gazzetta.it: [Errno 104] Connection reset by peer
Tue, 19 Jan 2016 17:35:52 methodChen.py[line:60] ERROR 1151,cinemablend.com: [Errno 104] Connection reset by peer
Tue, 19 Jan 2016 17:35:52 methodChen.py[line:60] ERROR 1152,oneindia.com: [Errno 104] Connection reset by peer
Tue, 19 Jan 2016 17:35:52 methodChen.py[line:60] ERROR 1153,uptobox.com: [Errno 104] Connection reset by peer
Tue, 19 Jan 2016 17:35:52 methodChen.py[line:60] ERROR 1154,v1.cn: [Errno 104] Connection reset by peer
Tue, 19 Jan 2016 17:35:52 methodChen.py[line:60] ERROR 1155,jagran.com: [Errno 104] Connection reset by peer
Tue, 19 Jan 2016 17:35:52 methodChen.py[line:60] ERROR 1156,pcworld.com: [Errno 104] Connection reset by peer
Tue, 19 Jan 2016 17:35:52 methodChen.py[line:60] ERROR 1157,disney.go.com: [Errno 104] Connection reset by peer
Tue, 19 Jan 2016 17:35:52 methodChen.py[line:60] ERROR 1158,lequipe.fr: [Errno 104] Connection reset by peer
Tue, 19 Jan 2016 17:35:52 methodChen.py[line:60] ERROR 1159,klikbca.com: [Errno 104] Connection reset by peer
Tue, 19 Jan 2016 17:35:52 methodChen.py[line:60] ERROR 1160,mbc.net: [Errno 104] Connection reset by peer
Tue, 19 Jan 2016 17:35:52 methodChen.py[line:60] ERROR 1161,zougla.gr: [Errno 104] Connection reset by peer
Tue, 19 Jan 2016 17:35:52 methodChen.py[line:60] ERROR 1162,blogspot.ru: [Errno 104] Connection reset by peer
Tue, 19 Jan 2016 17:35:52 methodChen.py[line:60] ERROR 1163,kizi.com: [Errno 104] Connection reset by peer
Tue, 19 Jan 2016 17:35:52 methodChen.py[line:60] ERROR 1164,schwab.com: [Errno 104] Connection reset by peer
Tue, 19 Jan 2016 17:35:53 methodChen.py[line:60] ERROR 1165,tgbus.com: <urlopen error [Errno 111] Connection refused>
Tue, 19 Jan 2016 17:35:53 methodChen.py[line:60] ERROR 1166,memecats.com: [Errno 104] Connection reset by peer
Tue, 19 Jan 2016 17:35:53 methodChen.py[line:60] ERROR 1167,vodlocker.com: [Errno 104] Connection reset by peer
Tue, 19 Jan 2016 17:35:53 methodChen.py[line:60] ERROR 1168,ulmart.ru: [Errno 104] Connection reset by peer
Tue, 19 Jan 2016 17:35:53 methodChen.py[line:60] ERROR 1169,trafficmonsoon.com: [Errno 104] Connection reset by peer
Tue, 19 Jan 2016 17:35:53 methodChen.py[line:60] ERROR 1170,nocookie.net: [Errno 104] Connection reset by peer
Tue, 19 Jan 2016 17:35:53 methodChen.py[line:60] ERROR 1171,narod.ru: [Errno 104] Connection reset by peer
Tue, 19 Jan 2016 17:35:53 methodChen.py[line:60] ERROR 1172,gumtree.com: [Errno 104] Connection reset by peer
Tue, 19 Jan 2016 17:35:53 methodChen.py[line:60] ERROR 1173,discover.com: [Errno 104] Connection reset by peer
Tue, 19 Jan 2016 17:35:53 methodChen.py[line:60] ERROR 1174,echo.msk.ru: [Errno 104] Connection reset by peer
Tue, 19 Jan 2016 17:35:53 methodChen.py[line:60] ERROR 1175,zeroredirect1.com: [Errno 104] Connection reset by peer
Tue, 19 Jan 2016 17:35:53 methodChen.py[line:60] ERROR 1176,capitalone360.com: [Errno 104] Connection reset by peer
Tue, 19 Jan 2016 17:35:53 methodChen.py[line:60] ERROR 1177,deadspin.com: [Errno 104] Connection reset by peer
Tue, 19 Jan 2016 17:35:53 methodChen.py[line:60] ERROR 1178,littlethings.com: [Errno 104] Connection reset by peer
Tue, 19 Jan 2016 17:35:53 methodChen.py[line:60] ERROR 1179,lacaixa.es: [Errno 104] Connection reset by peer
Tue, 19 Jan 2016 17:35:53 methodChen.py[line:60] ERROR 1180,takungpao.com: [Errno 104] Connection reset by peer
Tue, 19 Jan 2016 17:35:53 methodChen.py[line:60] ERROR 1181,pole-emploi.fr: [Errno 104] Connection reset by peer
Tue, 19 Jan 2016 17:35:53 methodChen.py[line:60] ERROR 1182,axisbank.co.in: [Errno 104] Connection reset by peer
Tue, 19 Jan 2016 17:35:53 methodChen.py[line:60] ERROR 1183,caixin.com: [Errno 104] Connection reset by peer
Tue, 19 Jan 2016 17:35:53 methodChen.py[line:60] ERROR 1184,pagesjaunes.fr: [Errno 104] Connection reset by peer
Tue, 19 Jan 2016 17:35:53 methodChen.py[line:60] ERROR 1185,focus.cn: [Errno 104] Connection reset by peer
Tue, 19 Jan 2016 17:35:53 methodChen.py[line:60] ERROR 1186,gofundme.com: [Errno 104] Connection reset by peer
Tue, 19 Jan 2016 17:35:53 methodChen.py[line:60] ERROR 1187,douguo.com: <urlopen error [Errno 111] Connection refused>
Tue, 19 Jan 2016 17:35:53 methodChen.py[line:60] ERROR 1188,newpoptab.com: [Errno 104] Connection reset by peer
Tue, 19 Jan 2016 17:35:53 methodChen.py[line:60] ERROR 1189,auntyacid.com: [Errno 104] Connection reset by peer
Tue, 19 Jan 2016 17:35:53 methodChen.py[line:60] ERROR 1190,apache.org: [Errno 104] Connection reset by peer
Tue, 19 Jan 2016 17:35:54 methodChen.py[line:60] ERROR 1191,lapatilla.com: [Errno 104] Connection reset by peer
Tue, 19 Jan 2016 17:35:54 methodChen.py[line:60] ERROR 1192,hsbc.co.uk: [Errno 104] Connection reset by peer
Tue, 19 Jan 2016 17:35:54 methodChen.py[line:60] ERROR 1193,wowhead.com: [Errno 104] Connection reset by peer
Tue, 19 Jan 2016 17:35:54 methodChen.py[line:60] ERROR 1194,usmagazine.com: [Errno 104] Connection reset by peer
Tue, 19 Jan 2016 17:35:54 methodChen.py[line:60] ERROR 1195,chosun.com: [Errno 104] Connection reset by peer
Tue, 19 Jan 2016 17:35:54 methodChen.py[line:60] ERROR 1196,1337x.to: [Errno 104] Connection reset by peer
Tue, 19 Jan 2016 17:35:54 methodChen.py[line:60] ERROR 1197,wow.com: [Errno 104] Connection reset by peer
Tue, 19 Jan 2016 17:35:54 methodChen.py[line:60] ERROR 1198,adme.ru: [Errno 104] Connection reset by peer
Tue, 19 Jan 2016 17:35:54 methodChen.py[line:60] ERROR 1199,khanacademy.org: [Errno 104] Connection reset by peer
Tue, 19 Jan 2016 17:35:54 methodChen.py[line:60] ERROR 1200,blogphongthuy.com: [Errno 104] Connection reset by peer
Tue, 19 Jan 2016 17:35:54 methodChen.py[line:60] ERROR 1201,4399.com: [Errno 104] Connection reset by peer
Tue, 19 Jan 2016 17:35:54 methodChen.py[line:60] ERROR 1202,drive2.ru: [Errno 104] Connection reset by peer
Tue, 19 Jan 2016 17:35:54 methodChen.py[line:60] ERROR 1203,aftonbladet.se: [Errno 104] Connection reset by peer
Tue, 19 Jan 2016 17:35:54 methodChen.py[line:60] ERROR 1204,avito.ma: [Errno 104] Connection reset by peer
Tue, 19 Jan 2016 17:35:54 methodChen.py[line:60] ERROR 1205,tripadvisor.co.uk: [Errno 104] Connection reset by peer
Tue, 19 Jan 2016 17:35:54 methodChen.py[line:60] ERROR 1206,vox.com: [Errno 104] Connection reset by peer
Tue, 19 Jan 2016 17:35:54 methodChen.py[line:60] ERROR 1207,sprint.com: [Errno 104] Connection reset by peer
Tue, 19 Jan 2016 17:35:54 methodChen.py[line:60] ERROR 1208,hollywoodreporter.com: [Errno 104] Connection reset by peer
Tue, 19 Jan 2016 17:35:54 methodChen.py[line:60] ERROR 1209,mint.com: [Errno 104] Connection reset by peer
Tue, 19 Jan 2016 17:35:54 methodChen.py[line:60] ERROR 1210,redfin.com: [Errno 104] Connection reset by peer
Tue, 19 Jan 2016 17:35:54 methodChen.py[line:60] ERROR 1211,mlb.com: [Errno 104] Connection reset by peer
Tue, 19 Jan 2016 17:35:54 methodChen.py[line:60] ERROR 1212,firstpost.com: [Errno 104] Connection reset by peer
Tue, 19 Jan 2016 17:35:54 methodChen.py[line:60] ERROR 1213,olx.co.id: [Errno 104] Connection reset by peer
Tue, 19 Jan 2016 17:35:54 methodChen.py[line:60] ERROR 1214,nmisr.com: [Errno 104] Connection reset by peer
Tue, 19 Jan 2016 17:35:54 methodChen.py[line:60] ERROR 1215,hindustantimes.com: [Errno 104] Connection reset by peer
Tue, 19 Jan 2016 17:35:55 methodChen.py[line:60] ERROR 1216,canva.com: [Errno 104] Connection reset by peer
Tue, 19 Jan 2016 17:35:55 methodChen.py[line:60] ERROR 1217,vesti.ru: [Errno 104] Connection reset by peer
Tue, 19 Jan 2016 17:35:55 methodChen.py[line:60] ERROR 1218,arstechnica.com: [Errno 104] Connection reset by peer
Tue, 19 Jan 2016 17:35:55 methodChen.py[line:60] ERROR 1219,myanimelist.net: [Errno 104] Connection reset by peer
Tue, 19 Jan 2016 17:35:55 methodChen.py[line:60] ERROR 1220,2345.com: [Errno 104] Connection reset by peer
Tue, 19 Jan 2016 17:35:55 methodChen.py[line:60] ERROR 1221,bitbucket.org: [Errno 104] Connection reset by peer
Tue, 19 Jan 2016 17:35:55 methodChen.py[line:60] ERROR 1222,cbslocal.com: [Errno 104] Connection reset by peer
Tue, 19 Jan 2016 17:35:55 methodChen.py[line:60] ERROR 1223,videomega.tv: [Errno 104] Connection reset by peer
Tue, 19 Jan 2016 17:35:55 methodChen.py[line:60] ERROR 1224,idealo.de: [Errno 104] Connection reset by peer
Tue, 19 Jan 2016 17:35:55 methodChen.py[line:60] ERROR 1225,submarino.com.br: [Errno 104] Connection reset by peer
Tue, 19 Jan 2016 17:35:55 methodChen.py[line:60] ERROR 1226,hubpages.com: [Errno 104] Connection reset by peer
Tue, 19 Jan 2016 17:35:55 methodChen.py[line:60] ERROR 1227,blogspot.de: [Errno 104] Connection reset by peer
Tue, 19 Jan 2016 17:35:55 methodChen.py[line:60] ERROR 1228,telekom.com: [Errno 104] Connection reset by peer
Tue, 19 Jan 2016 17:35:55 methodChen.py[line:60] ERROR 1229,piriform.com: [Errno 104] Connection reset by peer
Tue, 19 Jan 2016 17:35:55 methodChen.py[line:60] ERROR 1230,divar.ir: [Errno 104] Connection reset by peer
Tue, 19 Jan 2016 17:35:55 methodChen.py[line:60] ERROR 1231,theblaze.com: [Errno 104] Connection reset by peer
Tue, 19 Jan 2016 17:35:55 methodChen.py[line:60] ERROR 1232,stanford.edu: [Errno 104] Connection reset by peer
Tue, 19 Jan 2016 17:35:55 methodChen.py[line:60] ERROR 1233,google.si: [Errno 104] Connection reset by peer
Tue, 19 Jan 2016 17:35:55 methodChen.py[line:60] ERROR 1234,liveperson.net: [Errno 104] Connection reset by peer
Tue, 19 Jan 2016 17:35:55 methodChen.py[line:60] ERROR 1235,qz.com: [Errno 104] Connection reset by peer
Tue, 19 Jan 2016 17:35:55 methodChen.py[line:60] ERROR 1236,thepiratebay.la: <urlopen error [Errno 111] Connection refused>
Tue, 19 Jan 2016 17:35:55 methodChen.py[line:60] ERROR 1237,hulu.jp: [Errno 104] Connection reset by peer
Tue, 19 Jan 2016 17:35:55 methodChen.py[line:60] ERROR 1238,topoffers.click: [Errno 104] Connection reset by peer
Tue, 19 Jan 2016 17:35:55 methodChen.py[line:60] ERROR 1239,javedch.com: [Errno 104] Connection reset by peer
Tue, 19 Jan 2016 17:35:55 methodChen.py[line:60] ERROR 1240,lastpass.com: [Errno 104] Connection reset by peer
Tue, 19 Jan 2016 17:35:55 methodChen.py[line:60] ERROR 1241,filmweb.pl: [Errno 104] Connection reset by peer
Tue, 19 Jan 2016 17:35:56 methodChen.py[line:60] ERROR 1242,td.com: [Errno 104] Connection reset by peer
Tue, 19 Jan 2016 17:35:56 methodChen.py[line:60] ERROR 1243,lynda.com: [Errno 104] Connection reset by peer
Tue, 19 Jan 2016 17:35:56 methodChen.py[line:60] ERROR 1244,entrepreneur.com: [Errno 104] Connection reset by peer
Tue, 19 Jan 2016 17:35:56 methodChen.py[line:60] ERROR 1245,motherless.com: [Errno 104] Connection reset by peer
Tue, 19 Jan 2016 17:35:56 methodChen.py[line:60] ERROR 1246,google.lt: [Errno 104] Connection reset by peer
Tue, 19 Jan 2016 17:35:56 methodChen.py[line:60] ERROR 1247,folha.uol.com.br: [Errno 104] Connection reset by peer
Tue, 19 Jan 2016 17:35:56 methodChen.py[line:60] ERROR 1248,turbobit.net: [Errno 104] Connection reset by peer
Tue, 19 Jan 2016 17:35:56 methodChen.py[line:60] ERROR 1249,hh.ru: [Errno 104] Connection reset by peer
Tue, 19 Jan 2016 17:35:56 methodChen.py[line:60] ERROR 1250,mgid.com: [Errno 104] Connection reset by peer
Tue, 19 Jan 2016 17:35:56 methodChen.py[line:60] ERROR 1251,popped.biz: [Errno 104] Connection reset by peer
Tue, 19 Jan 2016 17:35:56 methodChen.py[line:60] ERROR 1252,daily.co.jp: [Errno 104] Connection reset by peer
Tue, 19 Jan 2016 17:35:56 methodChen.py[line:60] ERROR 1253,nextdoor.com: [Errno 104] Connection reset by peer
Tue, 19 Jan 2016 17:35:56 methodChen.py[line:60] ERROR 1254,ctrip.com: [Errno 104] Connection reset by peer
Tue, 19 Jan 2016 17:35:56 methodChen.py[line:60] ERROR 1255,tomsguide.com: [Errno 104] Connection reset by peer
Tue, 19 Jan 2016 17:35:56 methodChen.py[line:60] ERROR 1256,yam.com: [Errno 104] Connection reset by peer
Tue, 19 Jan 2016 17:35:56 methodChen.py[line:60] ERROR 1257,withgoogle.com: [Errno 104] Connection reset by peer
Tue, 19 Jan 2016 17:35:56 methodChen.py[line:60] ERROR 1258,opentable.com: [Errno 104] Connection reset by peer
Tue, 19 Jan 2016 17:35:56 methodChen.py[line:60] ERROR 1259,crunchyroll.com: [Errno 104] Connection reset by peer
Tue, 19 Jan 2016 17:35:56 methodChen.py[line:60] ERROR 1260,mic.com: [Errno 104] Connection reset by peer
Tue, 19 Jan 2016 17:35:56 methodChen.py[line:60] ERROR 1261,yahoo-mbga.jp: [Errno 104] Connection reset by peer
Tue, 19 Jan 2016 17:35:56 methodChen.py[line:60] ERROR 1262,smh.com.au: [Errno 104] Connection reset by peer
Tue, 19 Jan 2016 17:35:56 methodChen.py[line:60] ERROR 1263,vente-privee.com: [Errno 104] Connection reset by peer
Tue, 19 Jan 2016 17:35:56 methodChen.py[line:60] ERROR 1264,indiegogo.com: [Errno 104] Connection reset by peer
Tue, 19 Jan 2016 17:35:56 methodChen.py[line:60] ERROR 1265,gorillavid.in: [Errno 104] Connection reset by peer
Tue, 19 Jan 2016 17:35:56 methodChen.py[line:60] ERROR 1266,dhgate.com: [Errno 104] Connection reset by peer
Tue, 19 Jan 2016 17:35:56 methodChen.py[line:60] ERROR 1267,finishclueobscure.info: [Errno 104] Connection reset by peer
Tue, 19 Jan 2016 17:35:57 methodChen.py[line:60] ERROR 1268,blogspot.my: [Errno 104] Connection reset by peer
Tue, 19 Jan 2016 17:35:57 methodChen.py[line:60] ERROR 1269,bankrate.com: [Errno 104] Connection reset by peer
Tue, 19 Jan 2016 17:35:57 methodChen.py[line:60] ERROR 1270,opensubtitles.org: [Errno 104] Connection reset by peer
Tue, 19 Jan 2016 17:35:57 methodChen.py[line:60] ERROR 1271,harvard.edu: [Errno 104] Connection reset by peer
Tue, 19 Jan 2016 17:35:57 methodChen.py[line:60] ERROR 1272,tabnak.ir: [Errno 104] Connection reset by peer
Tue, 19 Jan 2016 17:35:57 methodChen.py[line:60] ERROR 1273,lg.com: [Errno 104] Connection reset by peer
Tue, 19 Jan 2016 17:35:57 methodChen.py[line:60] ERROR 1274,panet.co.il: [Errno 104] Connection reset by peer
Tue, 19 Jan 2016 17:35:57 methodChen.py[line:60] ERROR 1275,virginmedia.com: [Errno 104] Connection reset by peer
Tue, 19 Jan 2016 17:35:57 methodChen.py[line:60] ERROR 1276,teamviewer.com: [Errno 104] Connection reset by peer
Tue, 19 Jan 2016 17:35:57 methodChen.py[line:60] ERROR 1277,finn.no: [Errno 104] Connection reset by peer
Tue, 19 Jan 2016 17:35:57 methodChen.py[line:60] ERROR 1278,zhaopin.com: [Errno 104] Connection reset by peer
Tue, 19 Jan 2016 17:35:57 methodChen.py[line:60] ERROR 1279,gamewith.jp: [Errno 104] Connection reset by peer
Tue, 19 Jan 2016 17:35:57 methodChen.py[line:60] ERROR 1280,pretty52.com: [Errno 104] Connection reset by peer
Tue, 19 Jan 2016 17:35:57 methodChen.py[line:60] ERROR 1281,habrahabr.ru: [Errno 104] Connection reset by peer
Tue, 19 Jan 2016 17:35:57 methodChen.py[line:60] ERROR 1282,pikabu.ru: [Errno 104] Connection reset by peer
Tue, 19 Jan 2016 17:35:57 methodChen.py[line:60] ERROR 1283,boxofficemojo.com: [Errno 104] Connection reset by peer
Tue, 19 Jan 2016 17:35:57 methodChen.py[line:60] ERROR 1284,johnlewis.com: [Errno 104] Connection reset by peer
Tue, 19 Jan 2016 17:35:57 methodChen.py[line:60] ERROR 1285,spankbang.com: [Errno 104] Connection reset by peer
Tue, 19 Jan 2016 17:35:57 methodChen.py[line:60] ERROR 1286,tut.by: [Errno 104] Connection reset by peer
Tue, 19 Jan 2016 17:35:57 methodChen.py[line:60] ERROR 1287,mtv.com: [Errno 104] Connection reset by peer
Tue, 19 Jan 2016 17:35:57 methodChen.py[line:60] ERROR 1288,mileroticos.com: [Errno 104] Connection reset by peer
Tue, 19 Jan 2016 17:35:57 methodChen.py[line:60] ERROR 1289,xtube.com: [Errno 104] Connection reset by peer
Tue, 19 Jan 2016 17:35:57 methodChen.py[line:60] ERROR 1290,yts.ag: [Errno 104] Connection reset by peer
Tue, 19 Jan 2016 17:35:57 methodChen.py[line:60] ERROR 1291,himasoku.com: [Errno 104] Connection reset by peer
Tue, 19 Jan 2016 17:35:57 methodChen.py[line:60] ERROR 1292,dpreview.com: [Errno 104] Connection reset by peer
Tue, 19 Jan 2016 17:35:57 methodChen.py[line:60] ERROR 1293,nasa.gov: [Errno 104] Connection reset by peer
Tue, 19 Jan 2016 17:35:58 methodChen.py[line:60] ERROR 1294,solarmovie.ph: [Errno 104] Connection reset by peer
Tue, 19 Jan 2016 17:35:58 methodChen.py[line:60] ERROR 1295,istockphoto.com: [Errno 104] Connection reset by peer
Tue, 19 Jan 2016 17:35:58 methodChen.py[line:60] ERROR 1296,programme-tv.net: [Errno 104] Connection reset by peer
Tue, 19 Jan 2016 17:35:58 methodChen.py[line:60] ERROR 1297,nate.com: [Errno 104] Connection reset by peer
Tue, 19 Jan 2016 17:35:58 methodChen.py[line:60] ERROR 1298,super.cz: [Errno 104] Connection reset by peer
Tue, 19 Jan 2016 17:35:58 methodChen.py[line:60] ERROR 1299,cabelas.com: [Errno 104] Connection reset by peer
Tue, 19 Jan 2016 17:35:58 methodChen.py[line:60] ERROR 1300,kompasiana.com: [Errno 104] Connection reset by peer
Tue, 19 Jan 2016 17:35:58 methodChen.py[line:60] ERROR 1301,metrolyrics.com: [Errno 104] Connection reset by peer
Tue, 19 Jan 2016 17:35:58 methodChen.py[line:60] ERROR 1302,oschina.net: [Errno 104] Connection reset by peer
Tue, 19 Jan 2016 17:35:58 methodChen.py[line:60] ERROR 1303,typepad.com: [Errno 104] Connection reset by peer
Tue, 19 Jan 2016 17:35:58 methodChen.py[line:60] ERROR 1304,wiley.com: [Errno 104] Connection reset by peer
Tue, 19 Jan 2016 17:35:58 methodChen.py[line:60] ERROR 1305,commbank.com.au: [Errno 104] Connection reset by peer
Tue, 19 Jan 2016 17:35:58 methodChen.py[line:60] ERROR 1306,enews.com.tw: [Errno 104] Connection reset by peer
Tue, 19 Jan 2016 17:35:58 methodChen.py[line:60] ERROR 1307,daikynguyenvn.com: [Errno 104] Connection reset by peer
Tue, 19 Jan 2016 17:35:58 methodChen.py[line:60] ERROR 1308,xn--igbhe7b5a3d5a.com: [Errno 104] Connection reset by peer
Tue, 19 Jan 2016 17:35:58 methodChen.py[line:60] ERROR 1309,brassring.com: [Errno 104] Connection reset by peer
Tue, 19 Jan 2016 17:35:58 methodChen.py[line:60] ERROR 1310,directv.com: [Errno 104] Connection reset by peer
Tue, 19 Jan 2016 17:35:58 methodChen.py[line:60] ERROR 1311,kmart.com: [Errno 104] Connection reset by peer
Tue, 19 Jan 2016 17:35:58 methodChen.py[line:60] ERROR 1312,kizlarsoruyor.com: [Errno 104] Connection reset by peer
Tue, 19 Jan 2016 17:35:58 methodChen.py[line:60] ERROR 1313,redirectvoluum.com: [Errno 104] Connection reset by peer
Tue, 19 Jan 2016 17:35:58 methodChen.py[line:60] ERROR 1314,namu.wiki: [Errno 104] Connection reset by peer
Tue, 19 Jan 2016 17:35:58 methodChen.py[line:60] ERROR 1315,mvideo.ru: [Errno 104] Connection reset by peer
Tue, 19 Jan 2016 17:35:58 methodChen.py[line:60] ERROR 1316,miniclip.com: [Errno 104] Connection reset by peer
Tue, 19 Jan 2016 17:35:58 methodChen.py[line:60] ERROR 1317,icolor.com.cn: [Errno 104] Connection reset by peer
Tue, 19 Jan 2016 17:35:58 methodChen.py[line:60] ERROR 1318,abc.es: [Errno 104] Connection reset by peer
Tue, 19 Jan 2016 17:35:58 methodChen.py[line:60] ERROR 1319,springer.com: [Errno 104] Connection reset by peer
Tue, 19 Jan 2016 17:35:59 methodChen.py[line:60] ERROR 1320,telegram.me: [Errno 104] Connection reset by peer
Tue, 19 Jan 2016 17:35:59 methodChen.py[line:60] ERROR 1321,jalan.net: [Errno 104] Connection reset by peer
Tue, 19 Jan 2016 17:35:59 methodChen.py[line:60] ERROR 1322,1and1.com: [Errno 104] Connection reset by peer
Tue, 19 Jan 2016 17:35:59 methodChen.py[line:60] ERROR 1323,2gis.ru: [Errno 104] Connection reset by peer
Tue, 19 Jan 2016 17:35:59 methodChen.py[line:60] ERROR 1324,duowan.com: [Errno 104] Connection reset by peer
Tue, 19 Jan 2016 17:35:59 methodChen.py[line:60] ERROR 1325,persianblog.ir: [Errno 104] Connection reset by peer
Tue, 19 Jan 2016 17:35:59 methodChen.py[line:60] ERROR 1326,iherb.com: [Errno 104] Connection reset by peer
Tue, 19 Jan 2016 17:35:59 methodChen.py[line:60] ERROR 1327,globaltimes.cn: [Errno 104] Connection reset by peer
Tue, 19 Jan 2016 17:35:59 methodChen.py[line:60] ERROR 1328,2chan.net: [Errno 104] Connection reset by peer
Tue, 19 Jan 2016 17:35:59 methodChen.py[line:60] ERROR 1329,discuss.com.hk: [Errno 104] Connection reset by peer
Tue, 19 Jan 2016 17:35:59 methodChen.py[line:60] ERROR 1330,reallifecam.com: [Errno 104] Connection reset by peer
Tue, 19 Jan 2016 17:35:59 methodChen.py[line:60] ERROR 1331,prezi.com: [Errno 104] Connection reset by peer
Tue, 19 Jan 2016 17:35:59 methodChen.py[line:60] ERROR 1332,ivc.cn: [Errno 104] Connection reset by peer
Tue, 19 Jan 2016 17:35:59 methodChen.py[line:60] ERROR 1333,thechive.com: [Errno 104] Connection reset by peer
Tue, 19 Jan 2016 17:35:59 methodChen.py[line:60] ERROR 1334,weheartit.com: [Errno 104] Connection reset by peer
Tue, 19 Jan 2016 17:35:59 methodChen.py[line:60] ERROR 1335,dhl.com: [Errno 104] Connection reset by peer
Tue, 19 Jan 2016 17:35:59 methodChen.py[line:60] ERROR 1336,list-manage1.com: [Errno 104] Connection reset by peer
Tue, 19 Jan 2016 17:35:59 methodChen.py[line:60] ERROR 1337,wetter.com: [Errno 104] Connection reset by peer
Tue, 19 Jan 2016 17:35:59 methodChen.py[line:60] ERROR 1338,airasia.com: [Errno 104] Connection reset by peer
Tue, 19 Jan 2016 17:35:59 methodChen.py[line:60] ERROR 1339,ampxchange.com: [Errno 104] Connection reset by peer
Tue, 19 Jan 2016 17:35:59 methodChen.py[line:60] ERROR 1340,archiveofourown.org: [Errno 104] Connection reset by peer
Tue, 19 Jan 2016 17:35:59 methodChen.py[line:60] ERROR 1341,goodgamestudios.com: [Errno 104] Connection reset by peer
Tue, 19 Jan 2016 17:35:59 methodChen.py[line:60] ERROR 1342,pconline.com.cn: [Errno 104] Connection reset by peer
Tue, 19 Jan 2016 17:35:59 methodChen.py[line:60] ERROR 1343,xiami.com: [Errno 104] Connection reset by peer
Tue, 19 Jan 2016 17:35:59 methodChen.py[line:60] ERROR 1344,mail.com: [Errno 104] Connection reset by peer
Tue, 19 Jan 2016 17:35:59 methodChen.py[line:60] ERROR 1345,barclaycardus.com: [Errno 104] Connection reset by peer
Tue, 19 Jan 2016 17:36:00 methodChen.py[line:60] ERROR 1346,hotukdeals.com: [Errno 104] Connection reset by peer
Tue, 19 Jan 2016 17:36:00 methodChen.py[line:60] ERROR 1347,complex.com: [Errno 104] Connection reset by peer
Tue, 19 Jan 2016 17:36:00 methodChen.py[line:60] ERROR 1348,unblocked.pe: [Errno 104] Connection reset by peer
Tue, 19 Jan 2016 17:36:00 methodChen.py[line:60] ERROR 1349,foxsports.com: [Errno 104] Connection reset by peer
Tue, 19 Jan 2016 17:36:00 methodChen.py[line:60] ERROR 1350,eenadu.net: [Errno 104] Connection reset by peer
Tue, 19 Jan 2016 17:36:00 methodChen.py[line:60] ERROR 1351,rozblog.com: [Errno 104] Connection reset by peer
Tue, 19 Jan 2016 17:36:00 methodChen.py[line:60] ERROR 1352,cleartrip.com: [Errno 104] Connection reset by peer
Tue, 19 Jan 2016 17:36:00 methodChen.py[line:60] ERROR 1353,shaadi.com: [Errno 104] Connection reset by peer
Tue, 19 Jan 2016 17:36:00 methodChen.py[line:60] ERROR 1354,salon.com: [Errno 104] Connection reset by peer
Tue, 19 Jan 2016 17:36:00 methodChen.py[line:60] ERROR 1355,ouo.io: [Errno 104] Connection reset by peer
Tue, 19 Jan 2016 17:36:00 methodChen.py[line:60] ERROR 1356,popmaster.ir: [Errno 104] Connection reset by peer
Tue, 19 Jan 2016 17:36:00 methodChen.py[line:60] ERROR 1357,ibnlive.com: [Errno 104] Connection reset by peer
Tue, 19 Jan 2016 17:36:00 methodChen.py[line:60] ERROR 1358,jezebel.com: [Errno 104] Connection reset by peer
Tue, 19 Jan 2016 17:36:00 methodChen.py[line:60] ERROR 1359,politico.com: [Errno 104] Connection reset by peer
Tue, 19 Jan 2016 17:36:00 methodChen.py[line:60] ERROR 1360,fnac.com: [Errno 104] Connection reset by peer
Tue, 19 Jan 2016 17:36:00 methodChen.py[line:60] ERROR 1361,uludagsozluk.com: [Errno 104] Connection reset by peer
Tue, 19 Jan 2016 17:36:00 methodChen.py[line:60] ERROR 1362,dict.cc: [Errno 104] Connection reset by peer
Tue, 19 Jan 2016 17:36:00 methodChen.py[line:60] ERROR 1363,postbank.de: [Errno 104] Connection reset by peer
Tue, 19 Jan 2016 17:36:00 methodChen.py[line:60] ERROR 1364,hibapress.com: [Errno 104] Connection reset by peer
Tue, 19 Jan 2016 17:36:00 methodChen.py[line:60] ERROR 1365,boredpanda.com: [Errno 104] Connection reset by peer
Tue, 19 Jan 2016 17:36:00 methodChen.py[line:60] ERROR 1366,ad4game.com: [Errno 104] Connection reset by peer
Tue, 19 Jan 2016 17:36:00 methodChen.py[line:60] ERROR 1367,zergnet.com: [Errno 104] Connection reset by peer
Tue, 19 Jan 2016 17:36:00 methodChen.py[line:60] ERROR 1368,sulekha.com: [Errno 104] Connection reset by peer
Tue, 19 Jan 2016 17:36:00 methodChen.py[line:60] ERROR 1369,autotrader.com: [Errno 104] Connection reset by peer
Tue, 19 Jan 2016 17:36:00 methodChen.py[line:60] ERROR 1370,am15.net: [Errno 104] Connection reset by peer
Tue, 19 Jan 2016 17:36:01 methodChen.py[line:60] ERROR 1371,skroutz.gr: [Errno 104] Connection reset by peer
Tue, 19 Jan 2016 17:36:01 methodChen.py[line:60] ERROR 1372,websta.me: [Errno 104] Connection reset by peer
Tue, 19 Jan 2016 17:36:01 methodChen.py[line:60] ERROR 1373,abc.net.au: [Errno 104] Connection reset by peer
Tue, 19 Jan 2016 17:36:01 methodChen.py[line:60] ERROR 1374,4gamer.net: [Errno 104] Connection reset by peer
Tue, 19 Jan 2016 17:36:01 methodChen.py[line:60] ERROR 1375,jeuxvideo.com: [Errno 104] Connection reset by peer
Tue, 19 Jan 2016 17:36:01 methodChen.py[line:60] ERROR 1376,sputniknews.com: [Errno 104] Connection reset by peer
Tue, 19 Jan 2016 17:36:01 methodChen.py[line:60] ERROR 1377,anjuke.com: [Errno 104] Connection reset by peer
Tue, 19 Jan 2016 17:36:01 methodChen.py[line:60] ERROR 1378,noaa.gov: [Errno 104] Connection reset by peer
Tue, 19 Jan 2016 17:36:01 methodChen.py[line:60] ERROR 1379,polyvore.com: [Errno 104] Connection reset by peer
Tue, 19 Jan 2016 17:36:01 methodChen.py[line:60] ERROR 1380,argaam.com: [Errno 104] Connection reset by peer
Tue, 19 Jan 2016 17:36:01 methodChen.py[line:60] ERROR 1381,nudevista.com: [Errno 104] Connection reset by peer
Tue, 19 Jan 2016 17:36:01 methodChen.py[line:60] ERROR 1382,mangareader.net: [Errno 104] Connection reset by peer
Tue, 19 Jan 2016 17:36:01 methodChen.py[line:60] ERROR 1383,wanyh.com: [Errno 104] Connection reset by peer
Tue, 19 Jan 2016 17:36:01 methodChen.py[line:60] ERROR 1384,thevideo.me: [Errno 104] Connection reset by peer
Tue, 19 Jan 2016 17:36:01 methodChen.py[line:60] ERROR 1385,convert2mp3.net: [Errno 104] Connection reset by peer
Tue, 19 Jan 2016 17:36:01 methodChen.py[line:60] ERROR 1386,wildberries.ru: [Errno 104] Connection reset by peer
Tue, 19 Jan 2016 17:36:01 methodChen.py[line:60] ERROR 1387,lightinthebox.com: [Errno 104] Connection reset by peer
Tue, 19 Jan 2016 17:36:01 methodChen.py[line:60] ERROR 1388,imagebam.com: [Errno 104] Connection reset by peer
Tue, 19 Jan 2016 17:36:01 methodChen.py[line:60] ERROR 1389,mediaplex.com: [Errno 104] Connection reset by peer
Tue, 19 Jan 2016 17:36:01 methodChen.py[line:60] ERROR 1390,icims.com: [Errno 104] Connection reset by peer
Tue, 19 Jan 2016 17:36:01 methodChen.py[line:60] ERROR 1391,chouftv.ma: [Errno 104] Connection reset by peer
Tue, 19 Jan 2016 17:36:01 methodChen.py[line:60] ERROR 1392,drugs.com: [Errno 104] Connection reset by peer
Tue, 19 Jan 2016 17:36:01 methodChen.py[line:60] ERROR 1393,rakuten.com: [Errno 104] Connection reset by peer
Tue, 19 Jan 2016 17:36:02 methodChen.py[line:60] ERROR 1394,blog.ir: [Errno 104] Connection reset by peer
Tue, 19 Jan 2016 17:36:02 methodChen.py[line:60] ERROR 1395,cambridge.org: [Errno 104] Connection reset by peer
Tue, 19 Jan 2016 17:36:02 methodChen.py[line:60] ERROR 1396,picofile.com: [Errno 104] Connection reset by peer
Tue, 19 Jan 2016 17:36:02 methodChen.py[line:60] ERROR 1397,gotporn.com: [Errno 104] Connection reset by peer
Tue, 19 Jan 2016 17:36:02 methodChen.py[line:60] ERROR 1398,aarp.org: [Errno 104] Connection reset by peer
Tue, 19 Jan 2016 17:36:02 methodChen.py[line:60] ERROR 1399,autoscout24.de: [Errno 104] Connection reset by peer
Tue, 19 Jan 2016 17:36:02 methodChen.py[line:60] ERROR 1400,tunein.com: [Errno 104] Connection reset by peer
Tue, 19 Jan 2016 17:36:02 methodChen.py[line:60] ERROR 1401,sitepoint.com: [Errno 104] Connection reset by peer
Tue, 19 Jan 2016 17:36:02 methodChen.py[line:60] ERROR 1402,macrumors.com: [Errno 104] Connection reset by peer
Tue, 19 Jan 2016 17:36:02 methodChen.py[line:60] ERROR 1403,haberler.com: [Errno 104] Connection reset by peer
Tue, 19 Jan 2016 17:36:02 methodChen.py[line:60] ERROR 1404,quizlet.com: [Errno 104] Connection reset by peer
Tue, 19 Jan 2016 17:36:02 methodChen.py[line:60] ERROR 1405,cricbuzz.com: [Errno 104] Connection reset by peer
Tue, 19 Jan 2016 17:36:02 methodChen.py[line:60] ERROR 1406,perfectgirls.net: [Errno 104] Connection reset by peer
Tue, 19 Jan 2016 17:36:02 methodChen.py[line:60] ERROR 1407,ing.nl: [Errno 104] Connection reset by peer
Tue, 19 Jan 2016 17:36:02 methodChen.py[line:60] ERROR 1408,tempo.co: [Errno 104] Connection reset by peer
Tue, 19 Jan 2016 17:36:02 methodChen.py[line:60] ERROR 1409,24h.com.vn: [Errno 104] Connection reset by peer
Tue, 19 Jan 2016 17:36:02 methodChen.py[line:60] ERROR 1410,postimg.org: [Errno 104] Connection reset by peer
Tue, 19 Jan 2016 17:36:02 methodChen.py[line:60] ERROR 1411,flightradar24.com: [Errno 104] Connection reset by peer
Tue, 19 Jan 2016 17:36:02 methodChen.py[line:60] ERROR 1412,wunderlist.com: [Errno 104] Connection reset by peer
Tue, 19 Jan 2016 17:36:02 methodChen.py[line:60] ERROR 1413,minecraft.net: [Errno 104] Connection reset by peer
Tue, 19 Jan 2016 17:36:02 methodChen.py[line:60] ERROR 1414,mts.ru: [Errno 104] Connection reset by peer
Tue, 19 Jan 2016 17:36:02 methodChen.py[line:60] ERROR 1415,google.iq: [Errno 104] Connection reset by peer
Tue, 19 Jan 2016 17:36:02 methodChen.py[line:60] ERROR 1416,lotterypost.com: [Errno 104] Connection reset by peer
Tue, 19 Jan 2016 17:36:02 methodChen.py[line:60] ERROR 1417,bahn.de: [Errno 104] Connection reset by peer
Tue, 19 Jan 2016 17:36:02 methodChen.py[line:60] ERROR 1418,dostor.org: [Errno 104] Connection reset by peer
Tue, 19 Jan 2016 17:36:02 methodChen.py[line:60] ERROR 1419,refinery29.com: [Errno 104] Connection reset by peer
Tue, 19 Jan 2016 17:36:02 methodChen.py[line:60] ERROR 1420,greatergood.com: [Errno 104] Connection reset by peer
Tue, 19 Jan 2016 17:36:03 methodChen.py[line:60] ERROR 1421,linternaute.com: [Errno 104] Connection reset by peer
Tue, 19 Jan 2016 17:36:03 methodChen.py[line:60] ERROR 1422,kbb.com: [Errno 104] Connection reset by peer
Tue, 19 Jan 2016 17:36:03 methodChen.py[line:60] ERROR 1423,vg.no: [Errno 104] Connection reset by peer
Tue, 19 Jan 2016 17:36:03 methodChen.py[line:60] ERROR 1424,bandcamp.com: [Errno 104] Connection reset by peer
Tue, 19 Jan 2016 17:36:03 methodChen.py[line:60] ERROR 1425,olx.ro: [Errno 104] Connection reset by peer
Tue, 19 Jan 2016 17:36:03 methodChen.py[line:60] ERROR 1426,torrentz.com: [Errno 104] Connection reset by peer
Tue, 19 Jan 2016 17:36:03 methodChen.py[line:60] ERROR 1427,admaimai.com: [Errno 104] Connection reset by peer
Tue, 19 Jan 2016 17:36:03 methodChen.py[line:60] ERROR 1428,ptt.cc: [Errno 104] Connection reset by peer
Tue, 19 Jan 2016 17:36:03 methodChen.py[line:60] ERROR 1429,lifenews.ru: [Errno 104] Connection reset by peer
Tue, 19 Jan 2016 17:36:03 methodChen.py[line:60] ERROR 1430,all-free-download.com: [Errno 104] Connection reset by peer
Tue, 19 Jan 2016 17:36:03 methodChen.py[line:60] ERROR 1431,infobae.com: [Errno 104] Connection reset by peer
Tue, 19 Jan 2016 17:36:03 methodChen.py[line:60] ERROR 1432,dl-protect.com: [Errno 104] Connection reset by peer
Tue, 19 Jan 2016 17:36:03 methodChen.py[line:60] ERROR 1433,ravelry.com: [Errno 104] Connection reset by peer
Tue, 19 Jan 2016 17:36:03 methodChen.py[line:60] ERROR 1434,virgilio.it: [Errno 104] Connection reset by peer
Tue, 19 Jan 2016 17:36:03 methodChen.py[line:60] ERROR 1435,brainyquote.com: [Errno 104] Connection reset by peer
Tue, 19 Jan 2016 17:36:03 methodChen.py[line:60] ERROR 1436,renren.com: [Errno 104] Connection reset by peer
Tue, 19 Jan 2016 17:36:03 methodChen.py[line:60] ERROR 1437,cityadspix.com: [Errno 104] Connection reset by peer
Tue, 19 Jan 2016 17:36:03 methodChen.py[line:60] ERROR 1438,orbitz.com: [Errno 104] Connection reset by peer
Tue, 19 Jan 2016 17:36:03 methodChen.py[line:60] ERROR 1439,xing.com: [Errno 104] Connection reset by peer
Tue, 19 Jan 2016 17:36:03 methodChen.py[line:60] ERROR 1440,fnb.co.za: [Errno 104] Connection reset by peer
Tue, 19 Jan 2016 17:36:03 methodChen.py[line:60] ERROR 1441,togetter.com: [Errno 104] Connection reset by peer
Tue, 19 Jan 2016 17:36:03 methodChen.py[line:60] ERROR 1442,sonyentertainmentnetwork.com: [Errno 104] Connection reset by peer
Tue, 19 Jan 2016 17:36:03 methodChen.py[line:60] ERROR 1443,bustle.com: [Errno 104] Connection reset by peer
Tue, 19 Jan 2016 17:36:03 methodChen.py[line:60] ERROR 1444,ig.com.br: [Errno 104] Connection reset by peer
Tue, 19 Jan 2016 17:36:03 methodChen.py[line:60] ERROR 1445,rozetka.com.ua: [Errno 104] Connection reset by peer
Tue, 19 Jan 2016 17:36:03 methodChen.py[line:60] ERROR 1446,itau.com.br: [Errno 104] Connection reset by peer
Tue, 19 Jan 2016 17:36:03 methodChen.py[line:60] ERROR 1447,poste.it: [Errno 104] Connection reset by peer
Tue, 19 Jan 2016 17:36:04 methodChen.py[line:60] ERROR 1448,linkwithin.com: [Errno 104] Connection reset by peer
Tue, 19 Jan 2016 17:36:04 methodChen.py[line:60] ERROR 1449,po.st: [Errno 104] Connection reset by peer
Tue, 19 Jan 2016 17:36:04 methodChen.py[line:60] ERROR 1450,buscape.com.br: [Errno 104] Connection reset by peer
Tue, 19 Jan 2016 17:36:04 methodChen.py[line:60] ERROR 1451,nipic.com: [Errno 104] Connection reset by peer
Tue, 19 Jan 2016 17:36:04 methodChen.py[line:60] ERROR 1452,kinja.com: [Errno 104] Connection reset by peer
Tue, 19 Jan 2016 17:36:04 methodChen.py[line:60] ERROR 1453,hexun.com: [Errno 104] Connection reset by peer
Tue, 19 Jan 2016 17:36:04 methodChen.py[line:60] ERROR 1454,dns-shop.ru: [Errno 104] Connection reset by peer
Tue, 19 Jan 2016 17:36:04 methodChen.py[line:60] ERROR 1455,express.co.uk: [Errno 104] Connection reset by peer
Tue, 19 Jan 2016 17:36:04 methodChen.py[line:60] ERROR 1456,moz.com: [Errno 104] Connection reset by peer
Tue, 19 Jan 2016 17:36:04 methodChen.py[line:60] ERROR 1457,yr.no: [Errno 104] Connection reset by peer
Tue, 19 Jan 2016 17:36:04 methodChen.py[line:60] ERROR 1458,mxttrf.com: [Errno 104] Connection reset by peer
Tue, 19 Jan 2016 17:36:04 methodChen.py[line:60] ERROR 1459,shufoo.net: [Errno 104] Connection reset by peer
Tue, 19 Jan 2016 17:36:04 methodChen.py[line:60] ERROR 1460,google.com.gt: [Errno 104] Connection reset by peer
Tue, 19 Jan 2016 17:36:04 methodChen.py[line:60] ERROR 1461,filmibeat.com: [Errno 104] Connection reset by peer
Tue, 19 Jan 2016 17:36:04 methodChen.py[line:60] ERROR 1462,emao.com: <urlopen error [Errno 111] Connection refused>
Tue, 19 Jan 2016 17:36:04 methodChen.py[line:60] ERROR 1463,g2a.com: [Errno 104] Connection reset by peer
Tue, 19 Jan 2016 17:36:04 methodChen.py[line:60] ERROR 1464,unicredit.it: [Errno 104] Connection reset by peer
Tue, 19 Jan 2016 17:36:04 methodChen.py[line:60] ERROR 1465,toranoana.jp: [Errno 104] Connection reset by peer
Tue, 19 Jan 2016 17:36:04 methodChen.py[line:60] ERROR 1466,dawn.com: [Errno 104] Connection reset by peer
Tue, 19 Jan 2016 17:36:04 methodChen.py[line:60] ERROR 1467,chicagotribune.com: [Errno 104] Connection reset by peer
Tue, 19 Jan 2016 17:36:04 methodChen.py[line:60] ERROR 1468,tutsplus.com: [Errno 104] Connection reset by peer
Tue, 19 Jan 2016 17:36:04 methodChen.py[line:60] ERROR 1469,masralarabia.com: [Errno 104] Connection reset by peer
Tue, 19 Jan 2016 17:36:04 methodChen.py[line:60] ERROR 1470,citibankonline.com: [Errno 104] Connection reset by peer
Tue, 19 Jan 2016 17:36:04 methodChen.py[line:60] ERROR 1471,phonearena.com: [Errno 104] Connection reset by peer
Tue, 19 Jan 2016 17:36:04 methodChen.py[line:60] ERROR 1472,humblebundle.com: [Errno 104] Connection reset by peer
Tue, 19 Jan 2016 17:36:05 methodChen.py[line:60] ERROR 1473,payoneer.com: [Errno 104] Connection reset by peer
Tue, 19 Jan 2016 17:36:05 methodChen.py[line:60] ERROR 1474,dealnews.com: [Errno 104] Connection reset by peer
Tue, 19 Jan 2016 17:36:05 methodChen.py[line:60] ERROR 1475,autohome.com.cn: [Errno 104] Connection reset by peer
Tue, 19 Jan 2016 17:36:05 methodChen.py[line:60] ERROR 1476,telegraaf.nl: [Errno 104] Connection reset by peer
Tue, 19 Jan 2016 17:36:05 methodChen.py[line:60] ERROR 1477,getbootstrap.com: [Errno 104] Connection reset by peer
Tue, 19 Jan 2016 17:36:05 methodChen.py[line:60] ERROR 1478,esquire.com: [Errno 104] Connection reset by peer
Tue, 19 Jan 2016 17:36:05 methodChen.py[line:60] ERROR 1479,softpedia.com: [Errno 104] Connection reset by peer
Tue, 19 Jan 2016 17:36:05 methodChen.py[line:60] ERROR 1480,interpark.com: [Errno 104] Connection reset by peer
Tue, 19 Jan 2016 17:36:05 methodChen.py[line:60] ERROR 1481,unity3d.com: [Errno 104] Connection reset by peer
Tue, 19 Jan 2016 17:36:05 methodChen.py[line:60] ERROR 1482,cars.com: [Errno 104] Connection reset by peer
Tue, 19 Jan 2016 17:36:05 methodChen.py[line:60] ERROR 1483,blogspot.tw: [Errno 104] Connection reset by peer
Tue, 19 Jan 2016 17:36:05 methodChen.py[line:60] ERROR 1484,mediaset.it: [Errno 104] Connection reset by peer
Tue, 19 Jan 2016 17:36:05 methodChen.py[line:60] ERROR 1485,epicurious.com: [Errno 104] Connection reset by peer
Tue, 19 Jan 2016 17:36:05 methodChen.py[line:60] ERROR 1486,jobrapido.com: [Errno 104] Connection reset by peer
Tue, 19 Jan 2016 17:36:05 methodChen.py[line:60] ERROR 1487,google.lv: [Errno 104] Connection reset by peer
Tue, 19 Jan 2016 17:36:05 methodChen.py[line:60] ERROR 1488,gazeta.ru: [Errno 104] Connection reset by peer
Tue, 19 Jan 2016 17:36:05 methodChen.py[line:60] ERROR 1489,here.com: [Errno 104] Connection reset by peer
Tue, 19 Jan 2016 17:36:05 methodChen.py[line:60] ERROR 1490,500px.com: [Errno 104] Connection reset by peer
Tue, 19 Jan 2016 17:36:05 methodChen.py[line:60] ERROR 1491,adslgate.com: [Errno 104] Connection reset by peer
Tue, 19 Jan 2016 17:36:05 methodChen.py[line:60] ERROR 1492,inc.com: [Errno 104] Connection reset by peer
Tue, 19 Jan 2016 17:36:05 methodChen.py[line:60] ERROR 1493,sou300.com: [Errno 104] Connection reset by peer
Tue, 19 Jan 2016 17:36:05 methodChen.py[line:60] ERROR 1494,yhd.com: [Errno 104] Connection reset by peer
Tue, 19 Jan 2016 17:36:05 methodChen.py[line:60] ERROR 1495,last.fm: [Errno 104] Connection reset by peer
Tue, 19 Jan 2016 17:36:05 methodChen.py[line:60] ERROR 1496,sindonews.com: [Errno 104] Connection reset by peer
Tue, 19 Jan 2016 17:36:05 methodChen.py[line:60] ERROR 1497,ny.gov: [Errno 104] Connection reset by peer
Tue, 19 Jan 2016 17:36:05 methodChen.py[line:60] ERROR 1498,sanook.com: [Errno 104] Connection reset by peer
Tue, 19 Jan 2016 17:36:05 methodChen.py[line:60] ERROR 1499,edmunds.com: [Errno 104] Connection reset by peer
Tue, 19 Jan 2016 17:36:05 methodChen.py[line:60] ERROR 1500,nuvid.com: [Errno 104] Connection reset by peer
Tue, 19 Jan 2016 17:36:06 methodChen.py[line:60] ERROR 1501,newyorker.com: [Errno 104] Connection reset by peer
Tue, 19 Jan 2016 17:36:06 methodChen.py[line:60] ERROR 1502,privatbank.ua: [Errno 104] Connection reset by peer
Tue, 19 Jan 2016 17:36:06 methodChen.py[line:60] ERROR 1503,fortune.com: [Errno 104] Connection reset by peer
Tue, 19 Jan 2016 17:36:06 methodChen.py[line:60] ERROR 1504,iza.ne.jp: [Errno 104] Connection reset by peer
Tue, 19 Jan 2016 17:36:06 methodChen.py[line:60] ERROR 1505,go2000.com: [Errno 104] Connection reset by peer
Tue, 19 Jan 2016 17:36:06 methodChen.py[line:60] ERROR 1506,ubuntu.com: [Errno 104] Connection reset by peer
Tue, 19 Jan 2016 17:36:06 methodChen.py[line:60] ERROR 1507,torrentz.in: [Errno 104] Connection reset by peer
Tue, 19 Jan 2016 17:36:06 methodChen.py[line:60] ERROR 1508,staticwebdom.com: [Errno 104] Connection reset by peer
Tue, 19 Jan 2016 17:36:06 methodChen.py[line:60] ERROR 1509,bestbuy.ca: [Errno 104] Connection reset by peer
Tue, 19 Jan 2016 17:36:06 methodChen.py[line:60] ERROR 1510,picmonkey.com: [Errno 104] Connection reset by peer
Tue, 19 Jan 2016 17:36:06 methodChen.py[line:60] ERROR 1511,watchseries.li: [Errno 104] Connection reset by peer
Tue, 19 Jan 2016 17:36:06 methodChen.py[line:60] ERROR 1512,caf.fr: [Errno 104] Connection reset by peer
Tue, 19 Jan 2016 17:36:06 methodChen.py[line:60] ERROR 1513,torrentkim1.net: [Errno 104] Connection reset by peer
Tue, 19 Jan 2016 17:36:06 methodChen.py[line:60] ERROR 1514,worldstarhiphop.com: [Errno 104] Connection reset by peer
Tue, 19 Jan 2016 17:36:06 methodChen.py[line:60] ERROR 1515,timewarnercable.com: [Errno 104] Connection reset by peer
Tue, 19 Jan 2016 17:36:06 methodChen.py[line:60] ERROR 1516,hsn.com: [Errno 104] Connection reset by peer
Tue, 19 Jan 2016 17:36:06 methodChen.py[line:60] ERROR 1517,mydrivers.com: [Errno 104] Connection reset by peer
Tue, 19 Jan 2016 17:36:06 methodChen.py[line:60] ERROR 1518,heise.de: [Errno 104] Connection reset by peer
Tue, 19 Jan 2016 17:36:06 methodChen.py[line:60] ERROR 1519,streamin.to: [Errno 104] Connection reset by peer
Tue, 19 Jan 2016 17:36:06 methodChen.py[line:60] ERROR 1520,patheos.com: [Errno 104] Connection reset by peer
Tue, 19 Jan 2016 17:36:06 methodChen.py[line:60] ERROR 1521,gumtree.co.za: [Errno 104] Connection reset by peer
Tue, 19 Jan 2016 17:36:06 methodChen.py[line:60] ERROR 1522,jacquielawson.com: [Errno 104] Connection reset by peer
Tue, 19 Jan 2016 17:36:06 methodChen.py[line:60] ERROR 1523,justporno.tv: [Errno 104] Connection reset by peer
Tue, 19 Jan 2016 17:36:06 methodChen.py[line:60] ERROR 1524,metacritic.com: [Errno 104] Connection reset by peer
Tue, 19 Jan 2016 17:36:06 methodChen.py[line:60] ERROR 1525,officedepot.com: [Errno 104] Connection reset by peer
Tue, 19 Jan 2016 17:36:07 methodChen.py[line:60] ERROR 1526,iconosquare.com: [Errno 104] Connection reset by peer
Tue, 19 Jan 2016 17:36:07 methodChen.py[line:60] ERROR 1527,chiphell.com: [Errno 104] Connection reset by peer
Tue, 19 Jan 2016 17:36:07 methodChen.py[line:60] ERROR 1528,computerbild.de: [Errno 104] Connection reset by peer
Tue, 19 Jan 2016 17:36:07 methodChen.py[line:60] ERROR 1529,consumerreports.org: [Errno 104] Connection reset by peer
Tue, 19 Jan 2016 17:36:07 methodChen.py[line:60] ERROR 1530,p5w.net: [Errno 104] Connection reset by peer
Tue, 19 Jan 2016 17:36:07 methodChen.py[line:60] ERROR 1531,seekingalpha.com: [Errno 104] Connection reset by peer
Tue, 19 Jan 2016 17:36:07 methodChen.py[line:60] ERROR 1532,feng.com: [Errno 104] Connection reset by peer
Tue, 19 Jan 2016 17:36:07 methodChen.py[line:60] ERROR 1533,filmesonlinegratis.net: [Errno 104] Connection reset by peer
Tue, 19 Jan 2016 17:36:07 methodChen.py[line:60] ERROR 1534,strava.com: [Errno 104] Connection reset by peer
Tue, 19 Jan 2016 17:36:07 methodChen.py[line:60] ERROR 1535,ibanking-services.com: [Errno 104] Connection reset by peer
Tue, 19 Jan 2016 17:36:07 methodChen.py[line:60] ERROR 1536,pixabay.com: [Errno 104] Connection reset by peer
Tue, 19 Jan 2016 17:36:07 methodChen.py[line:60] ERROR 1537,blackhatworld.com: [Errno 104] Connection reset by peer
Tue, 19 Jan 2016 17:36:07 methodChen.py[line:60] ERROR 1538,todayhumor.co.kr: [Errno 104] Connection reset by peer
Tue, 19 Jan 2016 17:36:07 methodChen.py[line:60] ERROR 1539,jqw.com: [Errno 104] Connection reset by peer
Tue, 19 Jan 2016 17:36:07 methodChen.py[line:60] ERROR 1540,clpremdo.com: [Errno 104] Connection reset by peer
Tue, 19 Jan 2016 17:36:07 methodChen.py[line:60] ERROR 1541,over-blog.com: [Errno 104] Connection reset by peer
Tue, 19 Jan 2016 17:36:07 methodChen.py[line:60] ERROR 1542,nosub.tv: [Errno 104] Connection reset by peer
Tue, 19 Jan 2016 17:36:07 methodChen.py[line:60] ERROR 1543,bol.com: [Errno 104] Connection reset by peer
Tue, 19 Jan 2016 17:36:07 methodChen.py[line:60] ERROR 1544,1tv.ru: [Errno 104] Connection reset by peer
Tue, 19 Jan 2016 17:36:07 methodChen.py[line:60] ERROR 1545,pixlr.com: [Errno 104] Connection reset by peer
Tue, 19 Jan 2016 17:36:07 methodChen.py[line:60] ERROR 1546,7769domain.com: [Errno 104] Connection reset by peer
Tue, 19 Jan 2016 17:36:07 methodChen.py[line:60] ERROR 1547,gidonline.club: [Errno 104] Connection reset by peer
Tue, 19 Jan 2016 17:36:07 methodChen.py[line:60] ERROR 1548,gaana.com: [Errno 104] Connection reset by peer
Tue, 19 Jan 2016 17:36:07 methodChen.py[line:60] ERROR 1549,1und1.de: [Errno 104] Connection reset by peer
Tue, 19 Jan 2016 17:36:07 methodChen.py[line:60] ERROR 1550,mirtesen.ru: [Errno 104] Connection reset by peer
Tue, 19 Jan 2016 17:36:08 methodChen.py[line:60] ERROR 1551,a10.com: [Errno 104] Connection reset by peer
Tue, 19 Jan 2016 17:36:08 methodChen.py[line:60] ERROR 1552,jalopnik.com: [Errno 104] Connection reset by peer
Tue, 19 Jan 2016 17:36:08 methodChen.py[line:60] ERROR 1553,peyvandha.ir: [Errno 104] Connection reset by peer
Tue, 19 Jan 2016 17:36:08 methodChen.py[line:60] ERROR 1554,iflscience.com: [Errno 104] Connection reset by peer
Tue, 19 Jan 2016 17:36:08 methodChen.py[line:60] ERROR 1555,nguoiduatin.vn: [Errno 104] Connection reset by peer
Tue, 19 Jan 2016 17:36:08 methodChen.py[line:60] ERROR 1556,kongregate.com: [Errno 104] Connection reset by peer
Tue, 19 Jan 2016 17:36:08 methodChen.py[line:60] ERROR 1557,llbean.com: [Errno 104] Connection reset by peer
Tue, 19 Jan 2016 17:36:08 methodChen.py[line:60] ERROR 1558,goibibo.com: [Errno 104] Connection reset by peer
Tue, 19 Jan 2016 17:36:08 methodChen.py[line:60] ERROR 1559,realsimple.com: [Errno 104] Connection reset by peer
Tue, 19 Jan 2016 17:36:08 methodChen.py[line:60] ERROR 1560,projectfreetv.so: [Errno 104] Connection reset by peer
Tue, 19 Jan 2016 17:36:08 methodChen.py[line:60] ERROR 1561,diynetwork.com: [Errno 104] Connection reset by peer
Tue, 19 Jan 2016 17:36:08 methodChen.py[line:60] ERROR 1562,searchengineland.com: [Errno 104] Connection reset by peer
Tue, 19 Jan 2016 17:36:08 methodChen.py[line:60] ERROR 1563,sporx.com: [Errno 104] Connection reset by peer
Tue, 19 Jan 2016 17:36:08 methodChen.py[line:60] ERROR 1564,truecaller.com: [Errno 104] Connection reset by peer
Tue, 19 Jan 2016 17:36:08 methodChen.py[line:60] ERROR 1565,tradedoubler.com: [Errno 104] Connection reset by peer
Tue, 19 Jan 2016 17:36:08 methodChen.py[line:60] ERROR 1566,worldoftanks.ru: [Errno 104] Connection reset by peer
Tue, 19 Jan 2016 17:36:08 methodChen.py[line:60] ERROR 1567,cafemom.com: [Errno 104] Connection reset by peer
Tue, 19 Jan 2016 17:36:08 methodChen.py[line:60] ERROR 1568,codepen.io: [Errno 104] Connection reset by peer
Tue, 19 Jan 2016 17:36:08 methodChen.py[line:60] ERROR 1569,shop-pro.jp: [Errno 104] Connection reset by peer
Tue, 19 Jan 2016 17:36:08 methodChen.py[line:60] ERROR 1570,vporn.com: [Errno 104] Connection reset by peer
Tue, 19 Jan 2016 17:36:08 methodChen.py[line:60] ERROR 1571,dailykos.com: [Errno 104] Connection reset by peer
Tue, 19 Jan 2016 17:36:08 methodChen.py[line:60] ERROR 1572,digitalocean.com: [Errno 104] Connection reset by peer
Tue, 19 Jan 2016 17:36:08 methodChen.py[line:60] ERROR 1573,freecharge.in: [Errno 104] Connection reset by peer
Tue, 19 Jan 2016 17:36:08 methodChen.py[line:60] ERROR 1574,vanguard.com: [Errno 104] Connection reset by peer
Tue, 19 Jan 2016 17:36:08 methodChen.py[line:60] ERROR 1575,serverfault.com: [Errno 104] Connection reset by peer
Tue, 19 Jan 2016 17:36:08 methodChen.py[line:60] ERROR 1576,freelancer.com: [Errno 104] Connection reset by peer
Tue, 19 Jan 2016 17:36:08 methodChen.py[line:60] ERROR 1577,eztv.ag: [Errno 104] Connection reset by peer
Tue, 19 Jan 2016 17:36:09 methodChen.py[line:60] ERROR 1578,docin.com: [Errno 104] Connection reset by peer
Tue, 19 Jan 2016 17:36:09 methodChen.py[line:60] ERROR 1579,wwe.com: [Errno 104] Connection reset by peer
Tue, 19 Jan 2016 17:36:09 methodChen.py[line:60] ERROR 1580,smi2.ru: [Errno 104] Connection reset by peer
Tue, 19 Jan 2016 17:36:09 methodChen.py[line:60] ERROR 1581,billboard.com: [Errno 104] Connection reset by peer
Tue, 19 Jan 2016 17:36:09 methodChen.py[line:60] ERROR 1582,leo.org: [Errno 104] Connection reset by peer
Tue, 19 Jan 2016 17:36:09 methodChen.py[line:60] ERROR 1583,autotrader.co.uk: [Errno 104] Connection reset by peer
Tue, 19 Jan 2016 17:36:09 methodChen.py[line:60] ERROR 1584,emirates.com: [Errno 104] Connection reset by peer
Tue, 19 Jan 2016 17:36:09 methodChen.py[line:60] ERROR 1585,tribunnews.com: [Errno 104] Connection reset by peer
Tue, 19 Jan 2016 17:36:09 methodChen.py[line:60] ERROR 1586,internethaber.com: [Errno 104] Connection reset by peer
Tue, 19 Jan 2016 17:36:09 methodChen.py[line:60] ERROR 1587,wnd.com: [Errno 104] Connection reset by peer
Tue, 19 Jan 2016 17:36:09 methodChen.py[line:60] ERROR 1588,dickssportinggoods.com: [Errno 104] Connection reset by peer
Tue, 19 Jan 2016 17:36:09 methodChen.py[line:60] ERROR 1589,samplicio.us: [Errno 104] Connection reset by peer
Tue, 19 Jan 2016 17:36:09 methodChen.py[line:60] ERROR 1590,dnaindia.com: [Errno 104] Connection reset by peer
Tue, 19 Jan 2016 17:36:09 methodChen.py[line:60] ERROR 1591,sunporno.com: [Errno 104] Connection reset by peer
Tue, 19 Jan 2016 17:36:09 methodChen.py[line:60] ERROR 1592,ticketmonster.co.kr: [Errno 104] Connection reset by peer
Tue, 19 Jan 2016 17:36:09 methodChen.py[line:60] ERROR 1593,disney.com: [Errno 104] Connection reset by peer
Tue, 19 Jan 2016 17:36:09 methodChen.py[line:60] ERROR 1594,17173.com: [Errno 104] Connection reset by peer
Tue, 19 Jan 2016 17:36:09 methodChen.py[line:60] ERROR 1595,codecademy.com: [Errno 104] Connection reset by peer
Tue, 19 Jan 2016 17:36:09 methodChen.py[line:60] ERROR 1596,id.net: [Errno 104] Connection reset by peer
Tue, 19 Jan 2016 17:36:09 methodChen.py[line:60] ERROR 1597,santander.co.uk: [Errno 104] Connection reset by peer
Tue, 19 Jan 2016 17:36:09 methodChen.py[line:60] ERROR 1598,ucoz.ru: [Errno 104] Connection reset by peer
Tue, 19 Jan 2016 17:36:09 methodChen.py[line:60] ERROR 1599,hotpepper.jp: [Errno 104] Connection reset by peer
Tue, 19 Jan 2016 17:36:09 methodChen.py[line:60] ERROR 1600,blomaga.jp: [Errno 104] Connection reset by peer
Tue, 19 Jan 2016 17:36:09 methodChen.py[line:60] ERROR 1601,allabout.co.jp: [Errno 104] Connection reset by peer
Tue, 19 Jan 2016 17:36:09 methodChen.py[line:60] ERROR 1602,metro.co.uk: [Errno 104] Connection reset by peer
Tue, 19 Jan 2016 17:36:09 methodChen.py[line:60] ERROR 1603,jcrew.com: [Errno 104] Connection reset by peer
Tue, 19 Jan 2016 17:36:10 methodChen.py[line:60] ERROR 1604,dhl.de: [Errno 104] Connection reset by peer
Tue, 19 Jan 2016 17:36:10 methodChen.py[line:60] ERROR 1605,alice.it: [Errno 104] Connection reset by peer
Tue, 19 Jan 2016 17:36:10 methodChen.py[line:60] ERROR 1606,baixaki.com.br: [Errno 104] Connection reset by peer
Tue, 19 Jan 2016 17:36:10 methodChen.py[line:60] ERROR 1607,redbox.com: [Errno 104] Connection reset by peer
Tue, 19 Jan 2016 17:36:10 methodChen.py[line:60] ERROR 1608,ilmeteo.it: [Errno 104] Connection reset by peer
Tue, 19 Jan 2016 17:36:10 methodChen.py[line:60] ERROR 1609,jugem.jp: [Errno 104] Connection reset by peer
Tue, 19 Jan 2016 17:36:10 methodChen.py[line:60] ERROR 1610,epochtimes.com: [Errno 104] Connection reset by peer
Tue, 19 Jan 2016 17:36:10 methodChen.py[line:60] ERROR 1611,frys.com: [Errno 104] Connection reset by peer
Tue, 19 Jan 2016 17:36:10 methodChen.py[line:60] ERROR 1612,smartshopping.com: [Errno 104] Connection reset by peer
Tue, 19 Jan 2016 17:36:10 methodChen.py[line:60] ERROR 1613,planetromeo.com: [Errno 104] Connection reset by peer
Tue, 19 Jan 2016 17:36:10 methodChen.py[line:60] ERROR 1614,gougou.com: <urlopen error [Errno 111] Connection refused>
Tue, 19 Jan 2016 17:36:10 methodChen.py[line:60] ERROR 1615,avira.com: [Errno 104] Connection reset by peer
Tue, 19 Jan 2016 17:36:10 methodChen.py[line:60] ERROR 1616,baimao.com: [Errno 104] Connection reset by peer
Tue, 19 Jan 2016 17:36:10 methodChen.py[line:60] ERROR 1617,depositphotos.com: [Errno 104] Connection reset by peer
Tue, 19 Jan 2016 17:36:10 methodChen.py[line:60] ERROR 1618,bsnl.in: [Errno 104] Connection reset by peer
Tue, 19 Jan 2016 17:36:10 methodChen.py[line:60] ERROR 1619,ranker.com: [Errno 104] Connection reset by peer
Tue, 19 Jan 2016 17:36:10 methodChen.py[line:60] ERROR 1620,fatwallet.com: [Errno 104] Connection reset by peer
Tue, 19 Jan 2016 17:36:10 methodChen.py[line:60] ERROR 1621,shasha.ps: [Errno 104] Connection reset by peer
Tue, 19 Jan 2016 17:36:10 methodChen.py[line:60] ERROR 1622,blocket.se: [Errno 104] Connection reset by peer
Tue, 19 Jan 2016 17:36:10 methodChen.py[line:60] ERROR 1623,azet.sk: [Errno 104] Connection reset by peer
Tue, 19 Jan 2016 17:36:10 methodChen.py[line:60] ERROR 1624,bioyun.com: [Errno 104] Connection reset by peer
Tue, 19 Jan 2016 17:36:10 methodChen.py[line:60] ERROR 1625,mtsindia.in: [Errno 104] Connection reset by peer
Tue, 19 Jan 2016 17:36:10 methodChen.py[line:60] ERROR 1626,taimienphi.vn: [Errno 104] Connection reset by peer
Tue, 19 Jan 2016 17:36:10 methodChen.py[line:60] ERROR 1627,vulkan.site: [Errno 104] Connection reset by peer
Tue, 19 Jan 2016 17:36:10 methodChen.py[line:60] ERROR 1628,jet.com: [Errno 104] Connection reset by peer
Tue, 19 Jan 2016 17:36:10 methodChen.py[line:60] ERROR 1629,ocn.ne.jp: [Errno 104] Connection reset by peer
Tue, 19 Jan 2016 17:36:11 methodChen.py[line:60] ERROR 1630,layalina.com: [Errno 104] Connection reset by peer
Tue, 19 Jan 2016 17:36:11 methodChen.py[line:60] ERROR 1631,panda.tv: [Errno 104] Connection reset by peer
Tue, 19 Jan 2016 17:36:11 methodChen.py[line:60] ERROR 1632,economist.com: [Errno 104] Connection reset by peer
Tue, 19 Jan 2016 17:36:11 methodChen.py[line:60] ERROR 1633,fanhuan.com: [Errno 104] Connection reset by peer
Tue, 19 Jan 2016 17:36:11 methodChen.py[line:60] ERROR 1634,ajanshaber.com: [Errno 104] Connection reset by peer
Tue, 19 Jan 2016 17:36:11 methodChen.py[line:60] ERROR 1635,jb51.net: [Errno 104] Connection reset by peer
Tue, 19 Jan 2016 17:36:11 methodChen.py[line:60] ERROR 1636,hamusoku.com: [Errno 104] Connection reset by peer
Tue, 19 Jan 2016 17:36:11 methodChen.py[line:60] ERROR 1637,freejobalert.com: [Errno 104] Connection reset by peer
Tue, 19 Jan 2016 17:36:11 methodChen.py[line:60] ERROR 1638,cloudflare.com: [Errno 104] Connection reset by peer
Tue, 19 Jan 2016 17:36:11 methodChen.py[line:60] ERROR 1639,brazzers.com: [Errno 104] Connection reset by peer
Tue, 19 Jan 2016 17:36:11 methodChen.py[line:60] ERROR 1640,alarabiya.net: [Errno 104] Connection reset by peer
Tue, 19 Jan 2016 17:36:11 methodChen.py[line:60] ERROR 1641,1111.tmall.com: [Errno 104] Connection reset by peer
Tue, 19 Jan 2016 17:36:11 methodChen.py[line:60] ERROR 1642,secureinternetbank.com: [Errno 104] Connection reset by peer
Tue, 19 Jan 2016 17:36:11 methodChen.py[line:60] ERROR 1643,utorrent.com: [Errno 104] Connection reset by peer
Tue, 19 Jan 2016 17:36:11 methodChen.py[line:60] ERROR 1644,carwale.com: [Errno 104] Connection reset by peer
Tue, 19 Jan 2016 17:36:11 methodChen.py[line:60] ERROR 1645,pcadvisor.co.uk: [Errno 104] Connection reset by peer
Tue, 19 Jan 2016 17:36:11 methodChen.py[line:60] ERROR 1646,arcot.com: [Errno 104] Connection reset by peer
Tue, 19 Jan 2016 17:36:11 methodChen.py[line:60] ERROR 1647,kaspersky.com: [Errno 104] Connection reset by peer
Tue, 19 Jan 2016 17:36:11 methodChen.py[line:60] ERROR 1648,wittyfeed.com: [Errno 104] Connection reset by peer
Tue, 19 Jan 2016 17:36:11 methodChen.py[line:60] ERROR 1649,bab.la: [Errno 104] Connection reset by peer
Tue, 19 Jan 2016 17:36:11 methodChen.py[line:60] ERROR 1650,360doc.com: [Errno 104] Connection reset by peer
Tue, 19 Jan 2016 17:36:11 methodChen.py[line:60] ERROR 1651,asriran.com: [Errno 104] Connection reset by peer
Tue, 19 Jan 2016 17:36:11 methodChen.py[line:60] ERROR 1652,likemag.com: [Errno 104] Connection reset by peer
Tue, 19 Jan 2016 17:36:11 methodChen.py[line:60] ERROR 1653,traidnt.net: [Errno 104] Connection reset by peer
Tue, 19 Jan 2016 17:36:11 methodChen.py[line:60] ERROR 1654,bmi.ir: [Errno 104] Connection reset by peer
Tue, 19 Jan 2016 17:36:11 methodChen.py[line:60] ERROR 1655,28.com: [Errno 104] Connection reset by peer
Tue, 19 Jan 2016 17:36:12 methodChen.py[line:60] ERROR 1656,manoramaonline.com: [Errno 104] Connection reset by peer
Tue, 19 Jan 2016 17:36:12 methodChen.py[line:60] ERROR 1657,mainichi.jp: [Errno 104] Connection reset by peer
Tue, 19 Jan 2016 17:36:12 methodChen.py[line:60] ERROR 1658,editor.wix.com: [Errno 104] Connection reset by peer
Tue, 19 Jan 2016 17:36:12 methodChen.py[line:60] ERROR 1659,adultfriendfinder.com: [Errno 104] Connection reset by peer
Tue, 19 Jan 2016 17:36:12 methodChen.py[line:60] ERROR 1660,howstuffworks.com: [Errno 104] Connection reset by peer
Tue, 19 Jan 2016 17:36:12 methodChen.py[line:60] ERROR 1661,cityheaven.net: [Errno 104] Connection reset by peer
Tue, 19 Jan 2016 17:36:12 methodChen.py[line:60] ERROR 1662,evite.com: [Errno 104] Connection reset by peer
Tue, 19 Jan 2016 17:36:12 methodChen.py[line:60] ERROR 1663,caisse-epargne.fr: [Errno 104] Connection reset by peer
Tue, 19 Jan 2016 17:36:12 methodChen.py[line:60] ERROR 1664,boc.cn: [Errno 104] Connection reset by peer
Tue, 19 Jan 2016 17:36:12 methodChen.py[line:60] ERROR 1665,nitroflare.com: [Errno 104] Connection reset by peer
Tue, 19 Jan 2016 17:36:12 methodChen.py[line:60] ERROR 1666,munrvscurlms.com: [Errno 104] Connection reset by peer
Tue, 19 Jan 2016 17:36:12 methodChen.py[line:60] ERROR 1667,qualtrics.com: [Errno 104] Connection reset by peer
Tue, 19 Jan 2016 17:36:12 methodChen.py[line:60] ERROR 1668,vrbo.com: [Errno 104] Connection reset by peer
Tue, 19 Jan 2016 17:36:12 methodChen.py[line:60] ERROR 1669,businessweekly.com.tw: [Errno 104] Connection reset by peer
Tue, 19 Jan 2016 17:36:12 methodChen.py[line:60] ERROR 1670,dangdang.com: [Errno 104] Connection reset by peer
Tue, 19 Jan 2016 17:36:12 methodChen.py[line:60] ERROR 1671,t411.in: [Errno 104] Connection reset by peer
Tue, 19 Jan 2016 17:36:12 methodChen.py[line:60] ERROR 1672,beytoote.com: [Errno 104] Connection reset by peer
Tue, 19 Jan 2016 17:36:12 methodChen.py[line:60] ERROR 1673,ngacn.cc: [Errno 104] Connection reset by peer
Tue, 19 Jan 2016 17:36:12 methodChen.py[line:60] ERROR 1674,konga.com: [Errno 104] Connection reset by peer
Tue, 19 Jan 2016 17:36:12 methodChen.py[line:60] ERROR 1675,talk.tw: [Errno 104] Connection reset by peer
Tue, 19 Jan 2016 17:36:12 methodChen.py[line:60] ERROR 1676,my-hit.org: [Errno 104] Connection reset by peer
Tue, 19 Jan 2016 17:36:12 methodChen.py[line:60] ERROR 1677,searchlock.com: [Errno 104] Connection reset by peer
Tue, 19 Jan 2016 17:36:12 methodChen.py[line:60] ERROR 1678,rev2pub.com: [Errno 104] Connection reset by peer
Tue, 19 Jan 2016 17:36:12 methodChen.py[line:60] ERROR 1679,nu.nl: [Errno 104] Connection reset by peer
Tue, 19 Jan 2016 17:36:12 methodChen.py[line:60] ERROR 1680,ceconline.com: [Errno 104] Connection reset by peer
Tue, 19 Jan 2016 17:36:12 methodChen.py[line:60] ERROR 1681,ynet.co.il: [Errno 104] Connection reset by peer
Tue, 19 Jan 2016 17:36:12 methodChen.py[line:60] ERROR 1682,mangahere.co: [Errno 104] Connection reset by peer
Tue, 19 Jan 2016 17:36:13 methodChen.py[line:60] ERROR 1683,dropboxusercontent.com: [Errno 104] Connection reset by peer
Tue, 19 Jan 2016 17:36:13 methodChen.py[line:60] ERROR 1684,google.tn: [Errno 104] Connection reset by peer
Tue, 19 Jan 2016 17:36:13 methodChen.py[line:60] ERROR 1685,danawa.com: [Errno 104] Connection reset by peer
Tue, 19 Jan 2016 17:36:13 methodChen.py[line:60] ERROR 1686,codeproject.com: [Errno 104] Connection reset by peer
Tue, 19 Jan 2016 17:36:13 methodChen.py[line:60] ERROR 1687,otomoto.pl: [Errno 104] Connection reset by peer
Tue, 19 Jan 2016 17:36:13 methodChen.py[line:60] ERROR 1688,marksandspencer.com: [Errno 104] Connection reset by peer
Tue, 19 Jan 2016 17:36:13 methodChen.py[line:60] ERROR 1689,ceneo.pl: [Errno 104] Connection reset by peer
Tue, 19 Jan 2016 17:36:13 methodChen.py[line:60] ERROR 1690,ft.com: [Errno 104] Connection reset by peer
Tue, 19 Jan 2016 17:36:13 methodChen.py[line:60] ERROR 1691,nttdocomo.co.jp: [Errno 104] Connection reset by peer
Tue, 19 Jan 2016 17:36:13 methodChen.py[line:60] ERROR 1692,trkute.com: [Errno 104] Connection reset by peer
Tue, 19 Jan 2016 17:36:13 methodChen.py[line:60] ERROR 1693,bb.com.br: [Errno 104] Connection reset by peer
Tue, 19 Jan 2016 17:36:13 methodChen.py[line:60] ERROR 1694,indeed.co.in: [Errno 104] Connection reset by peer
Tue, 19 Jan 2016 17:36:13 methodChen.py[line:60] ERROR 1695,lindaikejisblog.com: [Errno 104] Connection reset by peer
Tue, 19 Jan 2016 17:36:13 methodChen.py[line:60] ERROR 1696,mercadolibre.com.ve: [Errno 104] Connection reset by peer
Tue, 19 Jan 2016 17:36:13 methodChen.py[line:60] ERROR 1697,greatandhra.com: [Errno 104] Connection reset by peer
Tue, 19 Jan 2016 17:36:13 methodChen.py[line:60] ERROR 1698,tripadvisor.in: [Errno 104] Connection reset by peer
Tue, 19 Jan 2016 17:36:13 methodChen.py[line:60] ERROR 1699,staticflickr.com: [Errno 104] Connection reset by peer
Tue, 19 Jan 2016 17:36:13 methodChen.py[line:60] ERROR 1700,cosmopolitan.com: [Errno 104] Connection reset by peer
Tue, 19 Jan 2016 17:36:13 methodChen.py[line:60] ERROR 1701,pastebin.com: [Errno 104] Connection reset by peer
Tue, 19 Jan 2016 17:36:13 methodChen.py[line:60] ERROR 1702,logitech.com: [Errno 104] Connection reset by peer
Tue, 19 Jan 2016 17:36:13 methodChen.py[line:60] ERROR 1703,alexa.com: [Errno 104] Connection reset by peer
Tue, 19 Jan 2016 17:36:13 methodChen.py[line:60] ERROR 1704,orf.at: [Errno 104] Connection reset by peer
Tue, 19 Jan 2016 17:36:13 methodChen.py[line:60] ERROR 1705,zimbio.com: [Errno 104] Connection reset by peer
Tue, 19 Jan 2016 17:36:13 methodChen.py[line:60] ERROR 1706,alohatube.com: [Errno 104] Connection reset by peer
Tue, 19 Jan 2016 17:36:13 methodChen.py[line:60] ERROR 1707,nyaa.eu: [Errno 104] Connection reset by peer
Tue, 19 Jan 2016 17:36:13 methodChen.py[line:60] ERROR 1708,rr.com: [Errno 104] Connection reset by peer
Tue, 19 Jan 2016 17:36:13 methodChen.py[line:60] ERROR 1709,urbanoutfitters.com: [Errno 104] Connection reset by peer
Tue, 19 Jan 2016 17:36:13 methodChen.py[line:60] ERROR 1710,nextmedia.com: [Errno 104] Connection reset by peer
Tue, 19 Jan 2016 17:36:13 methodChen.py[line:60] ERROR 1711,healthline.com: [Errno 104] Connection reset by peer
Tue, 19 Jan 2016 17:36:13 methodChen.py[line:60] ERROR 1712,kinozal.tv: [Errno 104] Connection reset by peer
Tue, 19 Jan 2016 17:36:14 methodChen.py[line:60] ERROR 1713,bigcinema.tv: [Errno 104] Connection reset by peer
Tue, 19 Jan 2016 17:36:14 methodChen.py[line:60] ERROR 1714,01net.com: [Errno 104] Connection reset by peer
Tue, 19 Jan 2016 17:36:14 methodChen.py[line:60] ERROR 1715,smzdm.com: [Errno 104] Connection reset by peer
Tue, 19 Jan 2016 17:36:14 methodChen.py[line:60] ERROR 1716,suntrust.com: [Errno 104] Connection reset by peer
Tue, 19 Jan 2016 17:36:14 methodChen.py[line:60] ERROR 1717,webmoney.ru: [Errno 104] Connection reset by peer
Tue, 19 Jan 2016 17:36:14 methodChen.py[line:60] ERROR 1718,video-one.com: [Errno 104] Connection reset by peer
Tue, 19 Jan 2016 17:36:14 methodChen.py[line:60] ERROR 1719,lostfilm.tv: [Errno 104] Connection reset by peer
Tue, 19 Jan 2016 17:36:14 methodChen.py[line:60] ERROR 1720,realestate.com.au: [Errno 104] Connection reset by peer
Tue, 19 Jan 2016 17:36:14 methodChen.py[line:60] ERROR 1721,earthlink.net: [Errno 104] Connection reset by peer
Tue, 19 Jan 2016 17:36:14 methodChen.py[line:60] ERROR 1722,cox.net: [Errno 104] Connection reset by peer
Tue, 19 Jan 2016 17:36:14 methodChen.py[line:60] ERROR 1723,marmiton.org: [Errno 104] Connection reset by peer
Tue, 19 Jan 2016 17:36:14 methodChen.py[line:60] ERROR 1724,bizjournals.com: [Errno 104] Connection reset by peer
Tue, 19 Jan 2016 17:36:14 methodChen.py[line:60] ERROR 1725,newsnow.co.uk: [Errno 104] Connection reset by peer
Tue, 19 Jan 2016 17:36:14 methodChen.py[line:60] ERROR 1726,jsfiddle.net: [Errno 104] Connection reset by peer
Tue, 19 Jan 2016 17:36:14 methodChen.py[line:60] ERROR 1727,admtpmp123.com: [Errno 104] Connection reset by peer
Tue, 19 Jan 2016 17:36:14 methodChen.py[line:60] ERROR 1728,homeaway.com: [Errno 104] Connection reset by peer
Tue, 19 Jan 2016 17:36:14 methodChen.py[line:60] ERROR 1729,toptenreviews.com: [Errno 104] Connection reset by peer
Tue, 19 Jan 2016 17:36:14 methodChen.py[line:60] ERROR 1730,w3.org: [Errno 104] Connection reset by peer
Tue, 19 Jan 2016 17:36:14 methodChen.py[line:60] ERROR 1731,variety.com: [Errno 104] Connection reset by peer
Tue, 19 Jan 2016 17:36:14 methodChen.py[line:60] ERROR 1732,rappler.com: [Errno 104] Connection reset by peer
Tue, 19 Jan 2016 17:36:14 methodChen.py[line:60] ERROR 1733,xmediaserve.com: [Errno 104] Connection reset by peer
Tue, 19 Jan 2016 17:36:14 methodChen.py[line:60] ERROR 1734,247sports.com: [Errno 104] Connection reset by peer
Tue, 19 Jan 2016 17:36:14 methodChen.py[line:60] ERROR 1735,engageya.com: [Errno 104] Connection reset by peer
Tue, 19 Jan 2016 17:36:14 methodChen.py[line:60] ERROR 1736,nbc.com: [Errno 104] Connection reset by peer
Tue, 19 Jan 2016 17:36:14 methodChen.py[line:60] ERROR 1737,yourdailydish.com: [Errno 104] Connection reset by peer
Tue, 19 Jan 2016 17:36:14 methodChen.py[line:60] ERROR 1738,superinterstitial.com: [Errno 104] Connection reset by peer
Tue, 19 Jan 2016 17:36:14 methodChen.py[line:60] ERROR 1739,icbc.com.cn: [Errno 104] Connection reset by peer
Tue, 19 Jan 2016 17:36:14 methodChen.py[line:60] ERROR 1740,ddanzi.com: [Errno 104] Connection reset by peer
Tue, 19 Jan 2016 17:36:14 methodChen.py[line:60] ERROR 1741,tvn24.pl: [Errno 104] Connection reset by peer
Tue, 19 Jan 2016 17:36:14 methodChen.py[line:60] ERROR 1742,trklnks.com: [Errno 104] Connection reset by peer
Tue, 19 Jan 2016 17:36:14 methodChen.py[line:60] ERROR 1743,halifax-online.co.uk: [Errno 104] Connection reset by peer
Tue, 19 Jan 2016 17:36:15 methodChen.py[line:60] ERROR 1744,flirt4free.com: [Errno 104] Connection reset by peer
Tue, 19 Jan 2016 17:36:15 methodChen.py[line:60] ERROR 1745,mizuhobank.co.jp: [Errno 104] Connection reset by peer
Tue, 19 Jan 2016 17:36:15 methodChen.py[line:60] ERROR 1746,nymag.com: [Errno 104] Connection reset by peer
Tue, 19 Jan 2016 17:36:15 methodChen.py[line:60] ERROR 1747,google-analytics.com: [Errno 104] Connection reset by peer
Tue, 19 Jan 2016 17:36:15 methodChen.py[line:60] ERROR 1748,goodhousekeeping.com: [Errno 104] Connection reset by peer
Tue, 19 Jan 2016 17:36:15 methodChen.py[line:60] ERROR 1749,wmaraci.com: [Errno 104] Connection reset by peer
Tue, 19 Jan 2016 17:36:15 methodChen.py[line:60] ERROR 1750,ihg.com: [Errno 104] Connection reset by peer
Tue, 19 Jan 2016 17:36:15 methodChen.py[line:60] ERROR 1751,okwave.jp: [Errno 104] Connection reset by peer
Tue, 19 Jan 2016 17:36:15 methodChen.py[line:60] ERROR 1752,empflix.com: [Errno 104] Connection reset by peer
Tue, 19 Jan 2016 17:36:15 methodChen.py[line:60] ERROR 1753,meishichina.com: [Errno 104] Connection reset by peer
Tue, 19 Jan 2016 17:36:15 methodChen.py[line:60] ERROR 1754,eldorado.ru: [Errno 104] Connection reset by peer
Tue, 19 Jan 2016 17:36:15 methodChen.py[line:60] ERROR 1755,televisionfanatic.com: [Errno 104] Connection reset by peer
Tue, 19 Jan 2016 17:36:15 methodChen.py[line:60] ERROR 1756,skycn.com: [Errno 104] Connection reset by peer
Tue, 19 Jan 2016 17:36:15 methodChen.py[line:60] ERROR 1757,sportsdirect.com: [Errno 104] Connection reset by peer
Tue, 19 Jan 2016 17:36:15 methodChen.py[line:60] ERROR 1758,rutube.ru: [Errno 104] Connection reset by peer
Tue, 19 Jan 2016 17:36:15 methodChen.py[line:60] ERROR 1759,allmyvideos.net: [Errno 104] Connection reset by peer
Tue, 19 Jan 2016 17:36:15 methodChen.py[line:60] ERROR 1760,kapook.com: [Errno 104] Connection reset by peer
Tue, 19 Jan 2016 17:36:15 methodChen.py[line:60] ERROR 1761,vistaprint.com: [Errno 104] Connection reset by peer
Tue, 19 Jan 2016 17:36:15 methodChen.py[line:60] ERROR 1762,internetdownloadmanager.com: [Errno 104] Connection reset by peer
Tue, 19 Jan 2016 17:36:15 methodChen.py[line:60] ERROR 1763,pcgamer.com: [Errno 104] Connection reset by peer
Tue, 19 Jan 2016 17:36:15 methodChen.py[line:60] ERROR 1764,gstatic.com: [Errno 104] Connection reset by peer
Tue, 19 Jan 2016 17:36:15 methodChen.py[line:60] ERROR 1765,news24.com: [Errno 104] Connection reset by peer
Tue, 19 Jan 2016 17:36:15 methodChen.py[line:60] ERROR 1766,webcrawler.com: [Errno 104] Connection reset by peer
Tue, 19 Jan 2016 17:36:15 methodChen.py[line:60] ERROR 1767,fang.com: [Errno 104] Connection reset by peer
Tue, 19 Jan 2016 17:36:15 methodChen.py[line:60] ERROR 1768,fiducia.de: [Errno 104] Connection reset by peer
Tue, 19 Jan 2016 17:36:15 methodChen.py[line:60] ERROR 1769,iciba.com: [Errno 104] Connection reset by peer
Tue, 19 Jan 2016 17:36:15 methodChen.py[line:60] ERROR 1770,debate.com.mx: [Errno 104] Connection reset by peer
Tue, 19 Jan 2016 17:36:15 methodChen.py[line:60] ERROR 1771,grammarly.com: [Errno 104] Connection reset by peer
Tue, 19 Jan 2016 17:36:15 methodChen.py[line:60] ERROR 1772,spankwire.com: [Errno 104] Connection reset by peer
Tue, 19 Jan 2016 17:36:15 methodChen.py[line:60] ERROR 1773,dw.com: [Errno 104] Connection reset by peer
Tue, 19 Jan 2016 17:36:16 methodChen.py[line:60] ERROR 1774,jiameng.com: [Errno 104] Connection reset by peer
Tue, 19 Jan 2016 17:36:16 methodChen.py[line:60] ERROR 1775,meb.gov.tr: [Errno 104] Connection reset by peer
Tue, 19 Jan 2016 17:36:16 methodChen.py[line:60] ERROR 1776,stubhub.com: [Errno 104] Connection reset by peer
Tue, 19 Jan 2016 17:36:16 methodChen.py[line:60] ERROR 1777,abc.go.com: [Errno 104] Connection reset by peer
Tue, 19 Jan 2016 17:36:16 methodChen.py[line:60] ERROR 1778,99acres.com: [Errno 104] Connection reset by peer
Tue, 19 Jan 2016 17:36:16 methodChen.py[line:60] ERROR 1779,vsuch.com: [Errno 104] Connection reset by peer
Tue, 19 Jan 2016 17:36:16 methodChen.py[line:60] ERROR 1780,vagalume.com.br: [Errno 104] Connection reset by peer
Tue, 19 Jan 2016 17:36:16 methodChen.py[line:60] ERROR 1781,zazzle.com: [Errno 104] Connection reset by peer
Tue, 19 Jan 2016 17:36:16 methodChen.py[line:60] ERROR 1782,haraj.com.sa: [Errno 104] Connection reset by peer
Tue, 19 Jan 2016 17:36:16 methodChen.py[line:60] ERROR 1783,bayt.com: [Errno 104] Connection reset by peer
Tue, 19 Jan 2016 17:36:16 methodChen.py[line:60] ERROR 1784,hsbc.com.hk: [Errno 104] Connection reset by peer
Tue, 19 Jan 2016 17:36:16 methodChen.py[line:60] ERROR 1785,softbank.jp: [Errno 104] Connection reset by peer
Tue, 19 Jan 2016 17:36:16 methodChen.py[line:60] ERROR 1786,ulta.com: [Errno 104] Connection reset by peer
Tue, 19 Jan 2016 17:36:16 methodChen.py[line:60] ERROR 1787,elcorteingles.es: [Errno 104] Connection reset by peer
Tue, 19 Jan 2016 17:36:16 methodChen.py[line:60] ERROR 1788,srv2trking.com: [Errno 104] Connection reset by peer
Tue, 19 Jan 2016 17:36:16 methodChen.py[line:60] ERROR 1789,rakuten-bank.co.jp: [Errno 104] Connection reset by peer
Tue, 19 Jan 2016 17:36:16 methodChen.py[line:60] ERROR 1790,indeed.co.uk: [Errno 104] Connection reset by peer
Tue, 19 Jan 2016 17:36:16 methodChen.py[line:60] ERROR 1791,lonelyplanet.com: [Errno 104] Connection reset by peer
Tue, 19 Jan 2016 17:36:16 methodChen.py[line:60] ERROR 1792,joins.com: [Errno 104] Connection reset by peer
Tue, 19 Jan 2016 17:36:16 methodChen.py[line:60] ERROR 1793,qianlong.com: [Errno 104] Connection reset by peer
Tue, 19 Jan 2016 17:36:16 methodChen.py[line:60] ERROR 1794,newtab-tv.com: [Errno 104] Connection reset by peer
Tue, 19 Jan 2016 17:36:16 methodChen.py[line:60] ERROR 1795,adservone.com: [Errno 104] Connection reset by peer
Tue, 19 Jan 2016 17:36:16 methodChen.py[line:60] ERROR 1796,berkeley.edu: [Errno 104] Connection reset by peer
Tue, 19 Jan 2016 17:36:16 methodChen.py[line:60] ERROR 1797,dominos.com: [Errno 104] Connection reset by peer
Tue, 19 Jan 2016 17:36:16 methodChen.py[line:60] ERROR 1798,lavanguardia.com: [Errno 104] Connection reset by peer
Tue, 19 Jan 2016 17:36:16 methodChen.py[line:60] ERROR 1799,cheezburger.com: [Errno 104] Connection reset by peer
Tue, 19 Jan 2016 17:36:16 methodChen.py[line:60] ERROR 1800,maybank2u.com.my: [Errno 104] Connection reset by peer
Tue, 19 Jan 2016 17:36:16 methodChen.py[line:60] ERROR 1801,forocoches.com: [Errno 104] Connection reset by peer
Tue, 19 Jan 2016 17:36:16 methodChen.py[line:60] ERROR 1802,userscloud.com: [Errno 104] Connection reset by peer
Tue, 19 Jan 2016 17:36:16 methodChen.py[line:60] ERROR 1803,forgeofempires.com: [Errno 104] Connection reset by peer
Tue, 19 Jan 2016 17:36:16 methodChen.py[line:60] ERROR 1804,bc.vc: [Errno 104] Connection reset by peer
Tue, 19 Jan 2016 17:36:17 methodChen.py[line:60] ERROR 1805,google.com.pr: [Errno 104] Connection reset by peer
Tue, 19 Jan 2016 17:36:17 methodChen.py[line:60] ERROR 1806,10086.cn: [Errno 104] Connection reset by peer
Tue, 19 Jan 2016 17:36:17 methodChen.py[line:60] ERROR 1807,namecheap.com: [Errno 104] Connection reset by peer
Tue, 19 Jan 2016 17:36:17 methodChen.py[line:60] ERROR 1808,ntdtv.com: [Errno 104] Connection reset by peer
Tue, 19 Jan 2016 17:36:17 methodChen.py[line:60] ERROR 1809,terra.com.br: [Errno 104] Connection reset by peer
Tue, 19 Jan 2016 17:36:17 methodChen.py[line:60] ERROR 1810,comenity.net: [Errno 104] Connection reset by peer
Tue, 19 Jan 2016 17:36:17 methodChen.py[line:60] ERROR 1811,bradesco.com.br: [Errno 104] Connection reset by peer
Tue, 19 Jan 2016 17:36:17 methodChen.py[line:60] ERROR 1812,scoopwhoop.com: [Errno 104] Connection reset by peer
Tue, 19 Jan 2016 17:36:17 methodChen.py[line:60] ERROR 1813,startimes.com: [Errno 104] Connection reset by peer
Tue, 19 Jan 2016 17:36:17 methodChen.py[line:60] ERROR 1814,lds.org: [Errno 104] Connection reset by peer
Tue, 19 Jan 2016 17:36:17 methodChen.py[line:60] ERROR 1815,ibtimes.co.uk: [Errno 104] Connection reset by peer
Tue, 19 Jan 2016 17:36:17 methodChen.py[line:60] ERROR 1816,google.co.ma: [Errno 104] Connection reset by peer
Tue, 19 Jan 2016 17:36:17 methodChen.py[line:60] ERROR 1817,thenextweb.com: [Errno 104] Connection reset by peer
Tue, 19 Jan 2016 17:36:17 methodChen.py[line:60] ERROR 1818,mediamarkt.de: [Errno 104] Connection reset by peer
Tue, 19 Jan 2016 17:36:17 methodChen.py[line:60] ERROR 1819,forfreeupgrades.org: [Errno 104] Connection reset by peer
Tue, 19 Jan 2016 17:36:17 methodChen.py[line:60] ERROR 1820,zdnet.com: [Errno 104] Connection reset by peer
Tue, 19 Jan 2016 17:36:17 methodChen.py[line:60] ERROR 1821,cankaoxiaoxi.com: [Errno 104] Connection reset by peer
Tue, 19 Jan 2016 17:36:17 methodChen.py[line:60] ERROR 1822,tdbank.com: [Errno 104] Connection reset by peer
Tue, 19 Jan 2016 17:36:17 methodChen.py[line:60] ERROR 1823,iltalehti.fi: [Errno 104] Connection reset by peer
Tue, 19 Jan 2016 17:36:17 methodChen.py[line:60] ERROR 1824,rackspace.com: [Errno 104] Connection reset by peer
Tue, 19 Jan 2016 17:36:17 methodChen.py[line:60] ERROR 1825,theweathernetwork.com: [Errno 104] Connection reset by peer
Tue, 19 Jan 2016 17:36:17 methodChen.py[line:60] ERROR 1826,ex.ua: [Errno 104] Connection reset by peer
Tue, 19 Jan 2016 17:36:17 methodChen.py[line:60] ERROR 1827,gamefactory.jp: [Errno 104] Connection reset by peer
Tue, 19 Jan 2016 17:36:17 methodChen.py[line:60] ERROR 1828,uproxx.com: [Errno 104] Connection reset by peer
Tue, 19 Jan 2016 17:36:17 methodChen.py[line:60] ERROR 1829,ijreview.com: [Errno 104] Connection reset by peer
Tue, 19 Jan 2016 17:36:17 methodChen.py[line:60] ERROR 1830,pizzahut.com: [Errno 104] Connection reset by peer
Tue, 19 Jan 2016 17:36:17 methodChen.py[line:60] ERROR 1831,crhoy.com: [Errno 104] Connection reset by peer
Tue, 19 Jan 2016 17:36:17 methodChen.py[line:60] ERROR 1832,avast.com: [Errno 104] Connection reset by peer
Tue, 19 Jan 2016 17:36:17 methodChen.py[line:60] ERROR 1833,watchfree.to: [Errno 104] Connection reset by peer
Tue, 19 Jan 2016 17:36:17 methodChen.py[line:60] ERROR 1834,wonderlandads.com: [Errno 104] Connection reset by peer
Tue, 19 Jan 2016 17:36:17 methodChen.py[line:60] ERROR 1835,wuxiaworld.com: [Errno 104] Connection reset by peer
Tue, 19 Jan 2016 17:36:18 methodChen.py[line:60] ERROR 1836,doodle.com: [Errno 104] Connection reset by peer
Tue, 19 Jan 2016 17:36:18 methodChen.py[line:60] ERROR 1837,myspace.com: [Errno 104] Connection reset by peer
Tue, 19 Jan 2016 17:36:18 methodChen.py[line:60] ERROR 1838,marthastewart.com: [Errno 104] Connection reset by peer
Tue, 19 Jan 2016 17:36:18 methodChen.py[line:60] ERROR 1839,zedo.com: [Errno 104] Connection reset by peer
Tue, 19 Jan 2016 17:36:18 methodChen.py[line:60] ERROR 1840,gamme.com.tw: [Errno 104] Connection reset by peer
Tue, 19 Jan 2016 17:36:18 methodChen.py[line:60] ERROR 1841,porntube.com: [Errno 104] Connection reset by peer
Tue, 19 Jan 2016 17:36:18 methodChen.py[line:60] ERROR 1842,tiscali.it: [Errno 104] Connection reset by peer
Tue, 19 Jan 2016 17:36:18 methodChen.py[line:60] ERROR 1843,absoluteclickscom.com: [Errno 104] Connection reset by peer
Tue, 19 Jan 2016 17:36:18 methodChen.py[line:60] ERROR 1844,telegraf.com.ua: [Errno 104] Connection reset by peer
Tue, 19 Jan 2016 17:36:18 methodChen.py[line:60] ERROR 1845,sznews.com: [Errno 104] Connection reset by peer
Tue, 19 Jan 2016 17:36:18 methodChen.py[line:60] ERROR 1846,ana.co.jp: [Errno 104] Connection reset by peer
Tue, 19 Jan 2016 17:36:18 methodChen.py[line:60] ERROR 1847,xkcd.com: [Errno 104] Connection reset by peer
Tue, 19 Jan 2016 17:36:18 methodChen.py[line:60] ERROR 1848,famitsu.com: [Errno 104] Connection reset by peer
Tue, 19 Jan 2016 17:36:18 methodChen.py[line:60] ERROR 1849,ilfattoquotidiano.it: [Errno 104] Connection reset by peer
Tue, 19 Jan 2016 17:36:18 methodChen.py[line:60] ERROR 1850,att.net: [Errno 104] Connection reset by peer
Tue, 19 Jan 2016 17:36:18 methodChen.py[line:60] ERROR 1851,ssisurveys.com: [Errno 104] Connection reset by peer
Tue, 19 Jan 2016 17:36:18 methodChen.py[line:60] ERROR 1852,sueddeutsche.de: [Errno 104] Connection reset by peer
Tue, 19 Jan 2016 17:36:18 methodChen.py[line:60] ERROR 1853,zwaar.net: [Errno 104] Connection reset by peer
Tue, 19 Jan 2016 17:36:18 methodChen.py[line:60] ERROR 1854,suruga-ya.jp: [Errno 104] Connection reset by peer
Tue, 19 Jan 2016 17:36:18 methodChen.py[line:60] ERROR 1855,tilestwra.com: [Errno 104] Connection reset by peer
Tue, 19 Jan 2016 17:36:18 methodChen.py[line:60] ERROR 1856,slashdot.org: [Errno 104] Connection reset by peer
Tue, 19 Jan 2016 17:36:18 methodChen.py[line:60] ERROR 1857,merdeka.com: [Errno 104] Connection reset by peer
Tue, 19 Jan 2016 17:36:18 methodChen.py[line:60] ERROR 1858,imagefap.com: [Errno 104] Connection reset by peer
Tue, 19 Jan 2016 17:36:18 methodChen.py[line:60] ERROR 1859,saisoncard.co.jp: [Errno 104] Connection reset by peer
Tue, 19 Jan 2016 17:36:18 methodChen.py[line:60] ERROR 1860,kenh14.vn: [Errno 104] Connection reset by peer
Tue, 19 Jan 2016 17:36:18 methodChen.py[line:60] ERROR 1861,ad6media.fr: [Errno 104] Connection reset by peer
Tue, 19 Jan 2016 17:36:18 methodChen.py[line:60] ERROR 1862,ns5n.com: [Errno 104] Connection reset by peer
Tue, 19 Jan 2016 17:36:18 methodChen.py[line:60] ERROR 1863,zimuzu.tv: [Errno 104] Connection reset by peer
Tue, 19 Jan 2016 17:36:18 methodChen.py[line:60] ERROR 1864,mentalfloss.com: [Errno 104] Connection reset by peer
Tue, 19 Jan 2016 17:36:18 methodChen.py[line:60] ERROR 1865,lifehack.org: [Errno 104] Connection reset by peer
Tue, 19 Jan 2016 17:36:18 methodChen.py[line:60] ERROR 1866,criteo.com: [Errno 104] Connection reset by peer
Tue, 19 Jan 2016 17:36:19 methodChen.py[line:60] ERROR 1867,city-data.com: [Errno 104] Connection reset by peer
Tue, 19 Jan 2016 17:36:19 methodChen.py[line:60] ERROR 1868,bastillepost.com: [Errno 104] Connection reset by peer
Tue, 19 Jan 2016 17:36:19 methodChen.py[line:60] ERROR 1869,dribbble.com: [Errno 104] Connection reset by peer
Tue, 19 Jan 2016 17:36:19 methodChen.py[line:60] ERROR 1870,yoox.com: [Errno 104] Connection reset by peer
Tue, 19 Jan 2016 17:36:19 methodChen.py[line:60] ERROR 1871,clicksvenue.com: [Errno 104] Connection reset by peer
Tue, 19 Jan 2016 17:36:19 methodChen.py[line:60] ERROR 1872,elconfidencial.com: [Errno 104] Connection reset by peer
Tue, 19 Jan 2016 17:36:19 methodChen.py[line:60] ERROR 1873,rockstargames.com: [Errno 104] Connection reset by peer
Tue, 19 Jan 2016 17:36:19 methodChen.py[line:60] ERROR 1874,yoursites123.com: [Errno 104] Connection reset by peer
Tue, 19 Jan 2016 17:36:19 methodChen.py[line:60] ERROR 1875,distractify.com: [Errno 104] Connection reset by peer
Tue, 19 Jan 2016 17:36:19 methodChen.py[line:60] ERROR 1876,weightwatchers.com: [Errno 104] Connection reset by peer
Tue, 19 Jan 2016 17:36:19 methodChen.py[line:60] ERROR 1877,techbang.com: [Errno 104] Connection reset by peer
Tue, 19 Jan 2016 17:36:19 methodChen.py[line:60] ERROR 1878,kp.ru: [Errno 104] Connection reset by peer
Tue, 19 Jan 2016 17:36:19 methodChen.py[line:60] ERROR 1879,shoutmeloud.com: [Errno 104] Connection reset by peer
Tue, 19 Jan 2016 17:36:19 methodChen.py[line:60] ERROR 1880,ivi.ru: [Errno 104] Connection reset by peer
Tue, 19 Jan 2016 17:36:19 methodChen.py[line:60] ERROR 1881,sp.gov.br: [Errno 104] Connection reset by peer
Tue, 19 Jan 2016 17:36:19 methodChen.py[line:60] ERROR 1882,gotowebinar.com: [Errno 104] Connection reset by peer
Tue, 19 Jan 2016 17:36:19 methodChen.py[line:60] ERROR 1883,admtpmp124.com: [Errno 104] Connection reset by peer
Tue, 19 Jan 2016 17:36:19 methodChen.py[line:60] ERROR 1884,williamhill.com: [Errno 104] Connection reset by peer
Tue, 19 Jan 2016 17:36:19 methodChen.py[line:60] ERROR 1885,kddi.com: [Errno 104] Connection reset by peer
Tue, 19 Jan 2016 17:36:19 methodChen.py[line:60] ERROR 1886,snopes.com: [Errno 104] Connection reset by peer
Tue, 19 Jan 2016 17:36:19 methodChen.py[line:60] ERROR 1887,aastocks.com: [Errno 104] Connection reset by peer
Tue, 19 Jan 2016 17:36:19 methodChen.py[line:60] ERROR 1888,slopeaota.com: [Errno 104] Connection reset by peer
Tue, 19 Jan 2016 17:36:19 methodChen.py[line:60] ERROR 1889,koph.info: [Errno 104] Connection reset by peer
Tue, 19 Jan 2016 17:36:19 methodChen.py[line:60] ERROR 1890,lohaco.jp: [Errno 104] Connection reset by peer
Tue, 19 Jan 2016 17:36:19 methodChen.py[line:60] ERROR 1891,techtudo.com.br: [Errno 104] Connection reset by peer
Tue, 19 Jan 2016 17:36:19 methodChen.py[line:60] ERROR 1892,dummies.com: [Errno 104] Connection reset by peer
Tue, 19 Jan 2016 17:36:19 methodChen.py[line:60] ERROR 1893,rocketnews24.com: [Errno 104] Connection reset by peer
Tue, 19 Jan 2016 17:36:19 methodChen.py[line:60] ERROR 1894,psu.edu: [Errno 104] Connection reset by peer
Tue, 19 Jan 2016 17:36:19 methodChen.py[line:60] ERROR 1895,miui.com: [Errno 104] Connection reset by peer
Tue, 19 Jan 2016 17:36:19 methodChen.py[line:60] ERROR 1896,elcomercio.pe: [Errno 104] Connection reset by peer
Tue, 19 Jan 2016 17:36:20 methodChen.py[line:60] ERROR 1897,pochta.ru: [Errno 104] Connection reset by peer
Tue, 19 Jan 2016 17:36:20 methodChen.py[line:60] ERROR 1898,ksl.com: [Errno 104] Connection reset by peer
Tue, 19 Jan 2016 17:36:20 methodChen.py[line:60] ERROR 1899,jquery.com: [Errno 104] Connection reset by peer
Tue, 19 Jan 2016 17:36:20 methodChen.py[line:60] ERROR 1900,index.hu: [Errno 104] Connection reset by peer
Tue, 19 Jan 2016 17:36:20 methodChen.py[line:60] ERROR 1901,kuwo.cn: [Errno 104] Connection reset by peer
Tue, 19 Jan 2016 17:36:20 methodChen.py[line:60] ERROR 1902,tinypic.com: [Errno 104] Connection reset by peer
Tue, 19 Jan 2016 17:36:20 methodChen.py[line:60] ERROR 1903,dcinside.com: [Errno 104] Connection reset by peer
Tue, 19 Jan 2016 17:36:20 methodChen.py[line:60] ERROR 1904,bloglovin.com: [Errno 104] Connection reset by peer
Tue, 19 Jan 2016 17:36:20 methodChen.py[line:60] ERROR 1905,fromdoctopdf.com: [Errno 104] Connection reset by peer
Tue, 19 Jan 2016 17:36:20 methodChen.py[line:60] ERROR 1906,bbt.com: [Errno 104] Connection reset by peer
Tue, 19 Jan 2016 17:36:20 methodChen.py[line:60] ERROR 1907,flashscore.com: [Errno 104] Connection reset by peer
Tue, 19 Jan 2016 17:36:20 methodChen.py[line:60] ERROR 1908,square-enix.com: [Errno 104] Connection reset by peer
Tue, 19 Jan 2016 17:36:20 methodChen.py[line:60] ERROR 1909,viralands.com: [Errno 104] Connection reset by peer
Tue, 19 Jan 2016 17:36:20 methodChen.py[line:60] ERROR 1910,extra.com.br: [Errno 104] Connection reset by peer
Tue, 19 Jan 2016 17:36:20 methodChen.py[line:60] ERROR 1911,aucfan.com: [Errno 104] Connection reset by peer
Tue, 19 Jan 2016 17:36:20 methodChen.py[line:60] ERROR 1912,moviepilot.com: [Errno 104] Connection reset by peer
Tue, 19 Jan 2016 17:36:20 methodChen.py[line:60] ERROR 1913,gotomeeting.com: [Errno 104] Connection reset by peer
Tue, 19 Jan 2016 17:36:20 methodChen.py[line:60] ERROR 1914,fastpic.ru: [Errno 104] Connection reset by peer
Tue, 19 Jan 2016 17:36:20 methodChen.py[line:60] ERROR 1915,umblr.com: [Errno 104] Connection reset by peer
Tue, 19 Jan 2016 17:36:20 methodChen.py[line:60] ERROR 1916,ali213.net: [Errno 104] Connection reset by peer
Tue, 19 Jan 2016 17:36:20 methodChen.py[line:60] ERROR 1917,ning.com: [Errno 104] Connection reset by peer
Tue, 19 Jan 2016 17:36:20 methodChen.py[line:60] ERROR 1918,netdna-cdn.com: [Errno 104] Connection reset by peer
Tue, 19 Jan 2016 17:36:20 methodChen.py[line:60] ERROR 1919,edx.org: [Errno 104] Connection reset by peer
Tue, 19 Jan 2016 17:36:20 methodChen.py[line:60] ERROR 1920,bintang.com: [Errno 104] Connection reset by peer
Tue, 19 Jan 2016 17:36:20 methodChen.py[line:60] ERROR 1921,tebyan.net: [Errno 104] Connection reset by peer
Tue, 19 Jan 2016 17:36:20 methodChen.py[line:60] ERROR 1922,citilink.ru: [Errno 104] Connection reset by peer
Tue, 19 Jan 2016 17:36:20 methodChen.py[line:60] ERROR 1923,yaraon-blog.com: [Errno 104] Connection reset by peer
Tue, 19 Jan 2016 17:36:20 methodChen.py[line:60] ERROR 1924,britishairways.com: [Errno 104] Connection reset by peer
Tue, 19 Jan 2016 17:36:20 methodChen.py[line:60] ERROR 1925,wyborcza.pl: [Errno 104] Connection reset by peer
Tue, 19 Jan 2016 17:36:20 methodChen.py[line:60] ERROR 1926,trade.tmall.com: [Errno 104] Connection reset by peer
Tue, 19 Jan 2016 17:36:20 methodChen.py[line:60] ERROR 1927,imgchili.net: [Errno 104] Connection reset by peer
Tue, 19 Jan 2016 17:36:21 methodChen.py[line:60] ERROR 1928,pps.tv: [Errno 104] Connection reset by peer
Tue, 19 Jan 2016 17:36:21 methodChen.py[line:60] ERROR 1929,origin.com: [Errno 104] Connection reset by peer
Tue, 19 Jan 2016 17:36:21 methodChen.py[line:60] ERROR 1930,vulture.com: [Errno 104] Connection reset by peer
Tue, 19 Jan 2016 17:36:21 methodChen.py[line:60] ERROR 1931,journaldesfemmes.com: [Errno 104] Connection reset by peer
Tue, 19 Jan 2016 17:36:21 methodChen.py[line:60] ERROR 1932,17k.com: [Errno 104] Connection reset by peer
Tue, 19 Jan 2016 17:36:21 methodChen.py[line:60] ERROR 1933,lazada.co.th: [Errno 104] Connection reset by peer
Tue, 19 Jan 2016 17:36:21 methodChen.py[line:60] ERROR 1934,gizmodo.jp: [Errno 104] Connection reset by peer
Tue, 19 Jan 2016 17:36:21 methodChen.py[line:60] ERROR 1935,feelfree4update.com: [Errno 104] Connection reset by peer
Tue, 19 Jan 2016 17:36:21 methodChen.py[line:60] ERROR 1936,timeout.com: [Errno 104] Connection reset by peer
Tue, 19 Jan 2016 17:36:21 methodChen.py[line:60] ERROR 1937,bigbogo.net: [Errno 104] Connection reset by peer
Tue, 19 Jan 2016 17:36:21 methodChen.py[line:60] ERROR 1938,zeit.de: [Errno 104] Connection reset by peer
Tue, 19 Jan 2016 17:36:21 methodChen.py[line:60] ERROR 1939,correios.com.br: [Errno 104] Connection reset by peer
Tue, 19 Jan 2016 17:36:21 methodChen.py[line:60] ERROR 1940,babylon.com: [Errno 104] Connection reset by peer
Tue, 19 Jan 2016 17:36:21 methodChen.py[line:60] ERROR 1941,pornolaba.com: [Errno 104] Connection reset by peer
Tue, 19 Jan 2016 17:36:21 methodChen.py[line:60] ERROR 1942,ralphlauren.com: [Errno 104] Connection reset by peer
Tue, 19 Jan 2016 17:36:21 methodChen.py[line:60] ERROR 1943,meituan.com: [Errno 104] Connection reset by peer
Tue, 19 Jan 2016 17:36:21 methodChen.py[line:60] ERROR 1944,vector.co.jp: [Errno 104] Connection reset by peer
Tue, 19 Jan 2016 17:36:21 methodChen.py[line:60] ERROR 1945,jetblue.com: [Errno 104] Connection reset by peer
Tue, 19 Jan 2016 17:36:21 methodChen.py[line:60] ERROR 1946,brides.com.cn: [Errno 104] Connection reset by peer
Tue, 19 Jan 2016 17:36:21 methodChen.py[line:60] ERROR 1947,giga.de: [Errno 104] Connection reset by peer
Tue, 19 Jan 2016 17:36:21 methodChen.py[line:60] ERROR 1948,priceminister.com: [Errno 104] Connection reset by peer
Tue, 19 Jan 2016 17:36:21 methodChen.py[line:60] ERROR 1949,clickbank.com: [Errno 104] Connection reset by peer
Tue, 19 Jan 2016 17:36:21 methodChen.py[line:60] ERROR 1950,androidauthority.com: [Errno 104] Connection reset by peer
Tue, 19 Jan 2016 17:36:21 methodChen.py[line:60] ERROR 1951,starwoodhotels.com: [Errno 104] Connection reset by peer
Tue, 19 Jan 2016 17:36:21 methodChen.py[line:60] ERROR 1952,easyjet.com: [Errno 104] Connection reset by peer
Tue, 19 Jan 2016 17:36:21 methodChen.py[line:60] ERROR 1953,trafstarcurlms.com: [Errno 104] Connection reset by peer
Tue, 19 Jan 2016 17:36:21 methodChen.py[line:60] ERROR 1954,pelis24.com: [Errno 104] Connection reset by peer
Tue, 19 Jan 2016 17:36:21 methodChen.py[line:60] ERROR 1955,vodafone.in: [Errno 104] Connection reset by peer
Tue, 19 Jan 2016 17:36:21 methodChen.py[line:60] ERROR 1956,alfabank.ru: [Errno 104] Connection reset by peer
Tue, 19 Jan 2016 17:36:21 methodChen.py[line:60] ERROR 1957,who.is: [Errno 104] Connection reset by peer
